   1              		.file	"Memory.c"
   2              		.text
   3              	.Ltext0:
   4              		.cfi_sections	.debug_frame
   5              		.file 0 "/home/kokipc/Bootloader-Operativos/Simple_UEFI_Bootloader" "src/Memory.c"
   6              		.globl	compare
   8              	compare:
   9              	.LVL0:
  10              	.LFB0:
  11              		.file 1 "src/Memory.c"
   1:src/Memory.c  **** //=================================================================================================
   2:src/Memory.c  **** //  Simple UEFI Bootloader: Memory Functions
   3:src/Memory.c  **** //=================================================================================================
   4:src/Memory.c  **** //
   5:src/Memory.c  **** // Version 2.3
   6:src/Memory.c  **** //
   7:src/Memory.c  **** // Author:
   8:src/Memory.c  **** //  KNNSpeed
   9:src/Memory.c  **** //
  10:src/Memory.c  **** // Source Code:
  11:src/Memory.c  **** //  https://github.com/KNNSpeed/Simple-UEFI-Bootloader
  12:src/Memory.c  **** //
  13:src/Memory.c  **** // This file contains memory-related functions.
  14:src/Memory.c  **** //
  15:src/Memory.c  **** 
  16:src/Memory.c  **** #include "Bootloader.h"
  17:src/Memory.c  **** 
  18:src/Memory.c  **** //=================================================================================================
  19:src/Memory.c  **** //  compare: Memory Comparison
  20:src/Memory.c  **** //=================================================================================================
  21:src/Memory.c  **** //
  22:src/Memory.c  **** // A simple memory comparison function.
  23:src/Memory.c  **** // Returns 1 if the two items are the same; 0 if they're not.
  24:src/Memory.c  **** //
  25:src/Memory.c  **** 
  26:src/Memory.c  **** // Variable 'comparelength' is in bytes
  27:src/Memory.c  **** UINT8 compare(const void* firstitem, const void* seconditem, UINT64 comparelength)
  28:src/Memory.c  **** {
  12              		.loc 1 28 1 view -0
  13              		.cfi_startproc
  14              		.loc 1 28 1 is_stmt 0 view .LVU1
  15 0000 F30F1EFA 		endbr64
  29:src/Memory.c  ****   // Using const since this is a read-only operation: absolutely nothing should be changed here.
  30:src/Memory.c  ****   const UINT8 *one = firstitem, *two = seconditem;
  16              		.loc 1 30 3 is_stmt 1 view .LVU2
  17              	.LVL1:
  31:src/Memory.c  ****   for (UINT64 i = 0; i < comparelength; i++)
  18              		.loc 1 31 3 view .LVU3
  19              	.LBB2:
  20              		.loc 1 31 8 view .LVU4
  21              		.loc 1 31 15 is_stmt 0 view .LVU5
  22 0004 B8000000 		movl	$0, %eax
  22      00
  23              		.loc 1 31 3 view .LVU6
  24 0009 EB04     		jmp	.L2
  25              	.LVL2:
  26              	.L7:
  27              		.loc 1 31 42 is_stmt 1 discriminator 2 view .LVU7
  28 000b 4883C001 		addq	$1, %rax
  29              	.LVL3:
  30              	.L2:
  31              		.loc 1 31 24 discriminator 1 view .LVU8
  32 000f 4839D0   		cmpq	%rdx, %rax
  33 0012 730F     		jnb	.L6
  32:src/Memory.c  ****   {
  33:src/Memory.c  ****     if(one[i] != two[i])
  34              		.loc 1 33 5 view .LVU9
  35              		.loc 1 33 7 is_stmt 0 view .LVU10
  36 0014 0FB60C06 		movzbl	(%rsi,%rax), %ecx
  37 0018 380C07   		cmpb	%cl, (%rdi,%rax)
  38 001b 74EE     		je	.L7
  34:src/Memory.c  ****     {
  35:src/Memory.c  ****       return 0;
  39              		.loc 1 35 14 view .LVU11
  40 001d B8000000 		movl	$0, %eax
  40      00
  41              	.LVL4:
  42              		.loc 1 35 14 view .LVU12
  43              	.LBE2:
  36:src/Memory.c  ****     }
  37:src/Memory.c  ****   }
  38:src/Memory.c  ****   return 1;
  39:src/Memory.c  **** }
  44              		.loc 1 39 1 view .LVU13
  45 0022 C3       		ret
  46              	.LVL5:
  47              	.L6:
  38:src/Memory.c  **** }
  48              		.loc 1 38 10 view .LVU14
  49 0023 B8010000 		movl	$1, %eax
  49      00
  50              	.LVL6:
  51              	.LBB3:
  38:src/Memory.c  **** }
  52              		.loc 1 38 10 view .LVU15
  53 0028 C3       		ret
  54              	.LBE3:
  55              		.cfi_endproc
  56              	.LFE0:
  58              		.globl	VerifyZeroMem
  60              	VerifyZeroMem:
  61              	.LVL7:
  62              	.LFB1:
  40:src/Memory.c  **** 
  41:src/Memory.c  **** 
  42:src/Memory.c  **** //=================================================================================================
  43:src/Memory.c  **** //  VerifyZeroMem: Verify Memory Is Free
  44:src/Memory.c  **** //=================================================================================================
  45:src/Memory.c  **** //
  46:src/Memory.c  **** // Return 0 if desired section of memory is zeroed (for use in "if" statements)
  47:src/Memory.c  **** //
  48:src/Memory.c  **** 
  49:src/Memory.c  **** UINT8 VerifyZeroMem(UINT64 NumBytes, UINT64 BaseAddr) // BaseAddr is a 64-bit unsigned int whose va
  50:src/Memory.c  **** {
  63              		.loc 1 50 1 is_stmt 1 view -0
  64              		.cfi_startproc
  65              		.loc 1 50 1 is_stmt 0 view .LVU17
  66 0029 F30F1EFA 		endbr64
  51:src/Memory.c  ****   for(UINT64 i = 0; i < NumBytes; i++)
  67              		.loc 1 51 3 is_stmt 1 view .LVU18
  68              	.LBB4:
  69              		.loc 1 51 7 view .LVU19
  70              	.LVL8:
  71              		.loc 1 51 14 is_stmt 0 view .LVU20
  72 002d B8000000 		movl	$0, %eax
  72      00
  73              		.loc 1 51 3 view .LVU21
  74 0032 EB04     		jmp	.L9
  75              	.LVL9:
  76              	.L14:
  77              		.loc 1 51 36 is_stmt 1 discriminator 2 view .LVU22
  78 0034 4883C001 		addq	$1, %rax
  79              	.LVL10:
  80              	.L9:
  81              		.loc 1 51 23 discriminator 1 view .LVU23
  82 0038 4839F8   		cmpq	%rdi, %rax
  83 003b 730C     		jnb	.L13
  52:src/Memory.c  ****   {
  53:src/Memory.c  ****     if(*(((UINT8*)BaseAddr) + i) != 0)
  84              		.loc 1 53 5 view .LVU24
  85              		.loc 1 53 7 is_stmt 0 view .LVU25
  86 003d 803C3000 		cmpb	$0, (%rax,%rsi)
  87 0041 74F1     		je	.L14
  54:src/Memory.c  ****     {
  55:src/Memory.c  ****       return 1;
  88              		.loc 1 55 14 view .LVU26
  89 0043 B8010000 		movl	$1, %eax
  89      00
  90              	.LVL11:
  91              		.loc 1 55 14 view .LVU27
  92              	.LBE4:
  56:src/Memory.c  ****     }
  57:src/Memory.c  ****   }
  58:src/Memory.c  ****   return 0;
  59:src/Memory.c  **** }
  93              		.loc 1 59 1 view .LVU28
  94 0048 C3       		ret
  95              	.LVL12:
  96              	.L13:
  58:src/Memory.c  **** }
  97              		.loc 1 58 10 view .LVU29
  98 0049 B8000000 		movl	$0, %eax
  98      00
  99              	.LVL13:
 100              	.LBB5:
  58:src/Memory.c  **** }
 101              		.loc 1 58 10 view .LVU30
 102 004e C3       		ret
 103              	.LBE5:
 104              		.cfi_endproc
 105              	.LFE1:
 107              		.section	.rodata
 108              		.align 8
 109              	.LC0:
 110 0000 4100     		.string	"A"
 111 0002 6300     		.string	"c"
 112 0004 7400     		.string	"t"
 113 0006 7500     		.string	"u"
 114 0008 6100     		.string	"a"
 115 000a 6C00     		.string	"l"
 116 000c 6C00     		.string	"l"
 117 000e 7900     		.string	"y"
 118 0010 4600     		.string	"F"
 119 0012 7200     		.string	"r"
 120 0014 6500     		.string	"e"
 121 0016 6500     		.string	"e"
 122 0018 4100     		.string	"A"
 123 001a 6400     		.string	"d"
 124 001c 6400     		.string	"d"
 125 001e 7200     		.string	"r"
 126 0020 6500     		.string	"e"
 127 0022 7300     		.string	"s"
 128 0024 7300     		.string	"s"
 129 0026 2000     		.string	" "
 130 0028 4D00     		.string	"M"
 131 002a 6500     		.string	"e"
 132 002c 6D00     		.string	"m"
 133 002e 4D00     		.string	"M"
 134 0030 6100     		.string	"a"
 135 0032 7000     		.string	"p"
 136 0034 2000     		.string	" "
 137 0036 4100     		.string	"A"
 138 0038 6C00     		.string	"l"
 139 003a 6C00     		.string	"l"
 140 003c 6F00     		.string	"o"
 141 003e 6300     		.string	"c"
 142 0040 6100     		.string	"a"
 143 0042 7400     		.string	"t"
 144 0044 6500     		.string	"e"
 145 0046 5000     		.string	"P"
 146 0048 6F00     		.string	"o"
 147 004a 6F00     		.string	"o"
 148 004c 6C00     		.string	"l"
 149 004e 2000     		.string	" "
 150 0050 6500     		.string	"e"
 151 0052 7200     		.string	"r"
 152 0054 7200     		.string	"r"
 153 0056 6F00     		.string	"o"
 154 0058 7200     		.string	"r"
 155 005a 2E00     		.string	"."
 156 005c 2000     		.string	" "
 157 005e 3000     		.string	"0"
 158 0060 7800     		.string	"x"
 159 0062 2500     		.string	"%"
 160 0064 6C00     		.string	"l"
 161 0066 6C00     		.string	"l"
 162 0068 7800     		.string	"x"
 163 006a 0D00     		.string	"\r"
 164 006c 0A00     		.string	"\n"
 165 006e 00       		.string	""
 166 006f 00       		.string	""
 167              		.align 8
 168              	.LC1:
 169 0070 4500     		.string	"E"
 170 0072 7200     		.string	"r"
 171 0074 7200     		.string	"r"
 172 0076 6F00     		.string	"o"
 173 0078 7200     		.string	"r"
 174 007a 2000     		.string	" "
 175 007c 6700     		.string	"g"
 176 007e 6500     		.string	"e"
 177 0080 7400     		.string	"t"
 178 0082 7400     		.string	"t"
 179 0084 6900     		.string	"i"
 180 0086 6E00     		.string	"n"
 181 0088 6700     		.string	"g"
 182 008a 2000     		.string	" "
 183 008c 6D00     		.string	"m"
 184 008e 6500     		.string	"e"
 185 0090 6D00     		.string	"m"
 186 0092 6F00     		.string	"o"
 187 0094 7200     		.string	"r"
 188 0096 7900     		.string	"y"
 189 0098 2000     		.string	" "
 190 009a 6D00     		.string	"m"
 191 009c 6100     		.string	"a"
 192 009e 7000     		.string	"p"
 193 00a0 2000     		.string	" "
 194 00a2 6600     		.string	"f"
 195 00a4 6F00     		.string	"o"
 196 00a6 7200     		.string	"r"
 197 00a8 2000     		.string	" "
 198 00aa 4100     		.string	"A"
 199 00ac 6300     		.string	"c"
 200 00ae 7400     		.string	"t"
 201 00b0 7500     		.string	"u"
 202 00b2 6100     		.string	"a"
 203 00b4 6C00     		.string	"l"
 204 00b6 6C00     		.string	"l"
 205 00b8 7900     		.string	"y"
 206 00ba 4600     		.string	"F"
 207 00bc 7200     		.string	"r"
 208 00be 6500     		.string	"e"
 209 00c0 6500     		.string	"e"
 210 00c2 4100     		.string	"A"
 211 00c4 6400     		.string	"d"
 212 00c6 6400     		.string	"d"
 213 00c8 7200     		.string	"r"
 214 00ca 6500     		.string	"e"
 215 00cc 7300     		.string	"s"
 216 00ce 7300     		.string	"s"
 217 00d0 2E00     		.string	"."
 218 00d2 2000     		.string	" "
 219 00d4 3000     		.string	"0"
 220 00d6 7800     		.string	"x"
 221 00d8 2500     		.string	"%"
 222 00da 6C00     		.string	"l"
 223 00dc 6C00     		.string	"l"
 224 00de 7800     		.string	"x"
 225 00e0 0D00     		.string	"\r"
 226 00e2 0A00     		.string	"\n"
 227 00e4 00       		.string	""
 228 00e5 00       		.string	""
 229 00e6 0000     		.align 8
 230              	.LC2:
 231 00e8 4500     		.string	"E"
 232 00ea 7200     		.string	"r"
 233 00ec 7200     		.string	"r"
 234 00ee 6F00     		.string	"o"
 235 00f0 7200     		.string	"r"
 236 00f2 2000     		.string	" "
 237 00f4 6600     		.string	"f"
 238 00f6 7200     		.string	"r"
 239 00f8 6500     		.string	"e"
 240 00fa 6500     		.string	"e"
 241 00fc 6900     		.string	"i"
 242 00fe 6E00     		.string	"n"
 243 0100 6700     		.string	"g"
 244 0102 2000     		.string	" "
 245 0104 4100     		.string	"A"
 246 0106 6300     		.string	"c"
 247 0108 7400     		.string	"t"
 248 010a 7500     		.string	"u"
 249 010c 6100     		.string	"a"
 250 010e 6C00     		.string	"l"
 251 0110 6C00     		.string	"l"
 252 0112 7900     		.string	"y"
 253 0114 4600     		.string	"F"
 254 0116 7200     		.string	"r"
 255 0118 6500     		.string	"e"
 256 011a 6500     		.string	"e"
 257 011c 4100     		.string	"A"
 258 011e 6400     		.string	"d"
 259 0120 6400     		.string	"d"
 260 0122 7200     		.string	"r"
 261 0124 6500     		.string	"e"
 262 0126 7300     		.string	"s"
 263 0128 7300     		.string	"s"
 264 012a 2000     		.string	" "
 265 012c 6D00     		.string	"m"
 266 012e 6500     		.string	"e"
 267 0130 6D00     		.string	"m"
 268 0132 6D00     		.string	"m"
 269 0134 6100     		.string	"a"
 270 0136 7000     		.string	"p"
 271 0138 2000     		.string	" "
 272 013a 7000     		.string	"p"
 273 013c 6F00     		.string	"o"
 274 013e 6F00     		.string	"o"
 275 0140 6C00     		.string	"l"
 276 0142 2E00     		.string	"."
 277 0144 2000     		.string	" "
 278 0146 3000     		.string	"0"
 279 0148 7800     		.string	"x"
 280 014a 2500     		.string	"%"
 281 014c 6C00     		.string	"l"
 282 014e 6C00     		.string	"l"
 283 0150 7800     		.string	"x"
 284 0152 0D00     		.string	"\r"
 285 0154 0A00     		.string	"\n"
 286 0156 00       		.string	""
 287 0157 00       		.string	""
 288              		.text
 289              		.globl	ActuallyFreeAddress
 291              	ActuallyFreeAddress:
 292              	.LVL14:
 293              	.LFB2:
  60:src/Memory.c  **** 
  61:src/Memory.c  **** //=================================================================================================
  62:src/Memory.c  **** //  ActuallyFreeAddress: Find A Free Memory Address, Bottom-Up
  63:src/Memory.c  **** //=================================================================================================
  64:src/Memory.c  **** //
  65:src/Memory.c  **** // This is meant to work in the event that AllocateAnyPages fails, but could have other uses. Retur
  66:src/Memory.c  **** // area that is > the supplied OldAddress.
  67:src/Memory.c  **** //
  68:src/Memory.c  **** 
  69:src/Memory.c  **** EFI_PHYSICAL_ADDRESS ActuallyFreeAddress(UINT64 pages, EFI_PHYSICAL_ADDRESS OldAddress)
  70:src/Memory.c  **** {
 294              		.loc 1 70 1 is_stmt 1 view -0
 295              		.cfi_startproc
 296              		.loc 1 70 1 is_stmt 0 view .LVU32
 297 004f F30F1EFA 		endbr64
 298 0053 4154     		pushq	%r12
 299              		.cfi_def_cfa_offset 16
 300              		.cfi_offset 12, -16
 301 0055 55       		pushq	%rbp
 302              		.cfi_def_cfa_offset 24
 303              		.cfi_offset 6, -24
 304 0056 53       		pushq	%rbx
 305              		.cfi_def_cfa_offset 32
 306              		.cfi_offset 3, -32
 307 0057 4883EC60 		subq	$96, %rsp
 308              		.cfi_def_cfa_offset 128
 309 005b 4889FD   		movq	%rdi, %rbp
 310 005e 4989F4   		movq	%rsi, %r12
  71:src/Memory.c  ****   EFI_STATUS memmap_status;
 311              		.loc 1 71 3 is_stmt 1 view .LVU33
  72:src/Memory.c  ****   UINTN MemMapSize = 0, MemMapKey, MemMapDescriptorSize;
 312              		.loc 1 72 3 view .LVU34
 313              		.loc 1 72 9 is_stmt 0 view .LVU35
 314 0061 48C74424 		movq	$0, 88(%rsp)
 314      58000000 
 314      00
  73:src/Memory.c  ****   UINT32 MemMapDescriptorVersion;
 315              		.loc 1 73 3 is_stmt 1 view .LVU36
  74:src/Memory.c  ****   EFI_MEMORY_DESCRIPTOR * MemMap = NULL;
 316              		.loc 1 74 3 view .LVU37
 317              		.loc 1 74 27 is_stmt 0 view .LVU38
 318 006a 48C74424 		movq	$0, 56(%rsp)
 318      38000000 
 318      00
  75:src/Memory.c  ****   EFI_MEMORY_DESCRIPTOR * Piece;
 319              		.loc 1 75 3 is_stmt 1 view .LVU39
  76:src/Memory.c  **** 
  77:src/Memory.c  ****   memmap_status = BS->GetMemoryMap(&MemMapSize, MemMap, &MemMapKey, &MemMapDescriptorSize, &MemMapD
 320              		.loc 1 77 3 view .LVU40
 321              		.loc 1 77 21 is_stmt 0 view .LVU41
 322 0073 488B0500 		movq	BS(%rip), %rax
 322      000000
 323 007a 488B4038 		movq	56(%rax), %rax
 324              		.loc 1 77 19 view .LVU42
 325 007e 488D4C24 		leaq	88(%rsp), %rcx
 325      58
 326 0083 488D5424 		leaq	68(%rsp), %rdx
 326      44
 327 0088 48895424 		movq	%rdx, 32(%rsp)
 327      20
 328 008d 4C8D4C24 		leaq	72(%rsp), %r9
 328      48
 329 0092 4C8D4424 		leaq	80(%rsp), %r8
 329      50
 330 0097 BA000000 		movl	$0, %edx
 330      00
 331 009c FFD0     		call	*%rax
 332              	.LVL15:
  78:src/Memory.c  ****   if(memmap_status == EFI_BUFFER_TOO_SMALL)
 333              		.loc 1 78 3 is_stmt 1 view .LVU43
 334              		.loc 1 78 5 is_stmt 0 view .LVU44
 335 009e 48BA0500 		movabsq	$-9223372036854775803, %rdx
 335      00000000 
 335      0080
 336 00a8 4839D0   		cmpq	%rdx, %rax
 337 00ab 7412     		je	.L27
 338              	.L16:
  79:src/Memory.c  ****   {
  80:src/Memory.c  ****     MemMapSize += MemMapDescriptorSize;
  81:src/Memory.c  ****     memmap_status = BS->AllocatePool(EfiBootServicesData, MemMapSize, (void **)&MemMap); // Allocat
  82:src/Memory.c  ****     if(EFI_ERROR(memmap_status)) // Error! Wouldn't be safe to continue.
  83:src/Memory.c  ****     {
  84:src/Memory.c  ****       Print(L"ActuallyFreeAddress MemMap AllocatePool error. 0x%llx\r\n", memmap_status);
  85:src/Memory.c  ****       return ~0ULL;
  86:src/Memory.c  ****     }
  87:src/Memory.c  ****     memmap_status = BS->GetMemoryMap(&MemMapSize, MemMap, &MemMapKey, &MemMapDescriptorSize, &MemMa
  88:src/Memory.c  ****   }
  89:src/Memory.c  ****   if(EFI_ERROR(memmap_status))
 339              		.loc 1 89 3 is_stmt 1 view .LVU45
 340              		.loc 1 89 5 is_stmt 0 view .LVU46
 341 00ad 4885C0   		testq	%rax, %rax
 342 00b0 787F     		js	.L28
  90:src/Memory.c  ****   {
  91:src/Memory.c  ****     Print(L"Error getting memory map for ActuallyFreeAddress. 0x%llx\r\n", memmap_status);
  92:src/Memory.c  ****     return ~0ULL;
  93:src/Memory.c  ****   }
  94:src/Memory.c  **** 
  95:src/Memory.c  ****   // Multiply NumberOfPages by EFI_PAGE_SIZE to get the end address... which should just be the sta
  96:src/Memory.c  ****   // Check for EfiConventionalMemory in the map
  97:src/Memory.c  ****   for(Piece = MemMap; Piece < (EFI_MEMORY_DESCRIPTOR*)((UINT8*)MemMap + MemMapSize); Piece = (EFI_M
 343              		.loc 1 97 3 is_stmt 1 view .LVU47
 344              		.loc 1 97 13 is_stmt 0 view .LVU48
 345 00b2 488B4C24 		movq	56(%rsp), %rcx
 345      38
 346              	.LVL16:
 347              		.loc 1 97 13 view .LVU49
 348 00b7 4889CB   		movq	%rcx, %rbx
 349              		.loc 1 97 3 view .LVU50
 350 00ba E9940000 		jmp	.L20
 350      00
 351              	.LVL17:
 352              	.L27:
  80:src/Memory.c  ****     memmap_status = BS->AllocatePool(EfiBootServicesData, MemMapSize, (void **)&MemMap); // Allocat
 353              		.loc 1 80 5 is_stmt 1 view .LVU51
  80:src/Memory.c  ****     memmap_status = BS->AllocatePool(EfiBootServicesData, MemMapSize, (void **)&MemMap); // Allocat
 354              		.loc 1 80 16 is_stmt 0 view .LVU52
 355 00bf 488B5424 		movq	72(%rsp), %rdx
 355      48
 356 00c4 48035424 		addq	88(%rsp), %rdx
 356      58
 357 00c9 48895424 		movq	%rdx, 88(%rsp)
 357      58
  81:src/Memory.c  ****     if(EFI_ERROR(memmap_status)) // Error! Wouldn't be safe to continue.
 358              		.loc 1 81 5 is_stmt 1 view .LVU53
  81:src/Memory.c  ****     if(EFI_ERROR(memmap_status)) // Error! Wouldn't be safe to continue.
 359              		.loc 1 81 21 is_stmt 0 view .LVU54
 360 00ce 4C8D4424 		leaq	56(%rsp), %r8
 360      38
 361 00d3 B9040000 		movl	$4, %ecx
 361      00
 362 00d8 488B0500 		movq	BS(%rip), %rax
 362      000000
 363              	.LVL18:
  81:src/Memory.c  ****     if(EFI_ERROR(memmap_status)) // Error! Wouldn't be safe to continue.
 364              		.loc 1 81 21 view .LVU55
 365 00df FF5040   		call	*64(%rax)
 366              	.LVL19:
  82:src/Memory.c  ****     {
 367              		.loc 1 82 5 is_stmt 1 view .LVU56
  82:src/Memory.c  ****     {
 368              		.loc 1 82 7 is_stmt 0 view .LVU57
 369 00e2 4885C0   		testq	%rax, %rax
 370 00e5 782D     		js	.L29
  87:src/Memory.c  ****   }
 371              		.loc 1 87 5 is_stmt 1 view .LVU58
  87:src/Memory.c  ****   }
 372              		.loc 1 87 23 is_stmt 0 view .LVU59
 373 00e7 488B0500 		movq	BS(%rip), %rax
 373      000000
 374              	.LVL20:
  87:src/Memory.c  ****   }
 375              		.loc 1 87 23 view .LVU60
 376 00ee 488B4038 		movq	56(%rax), %rax
  87:src/Memory.c  ****   }
 377              		.loc 1 87 21 view .LVU61
 378 00f2 488D4C24 		leaq	88(%rsp), %rcx
 378      58
 379 00f7 488D5424 		leaq	68(%rsp), %rdx
 379      44
 380 00fc 48895424 		movq	%rdx, 32(%rsp)
 380      20
 381 0101 4C8D4C24 		leaq	72(%rsp), %r9
 381      48
 382 0106 4C8D4424 		leaq	80(%rsp), %r8
 382      50
 383 010b 488B5424 		movq	56(%rsp), %rdx
 383      38
 384 0110 FFD0     		call	*%rax
 385              	.LVL21:
  87:src/Memory.c  ****   }
 386              		.loc 1 87 21 view .LVU62
 387 0112 EB99     		jmp	.L16
 388              	.L29:
  84:src/Memory.c  ****       return ~0ULL;
 389              		.loc 1 84 7 is_stmt 1 view .LVU63
 390 0114 4889C6   		movq	%rax, %rsi
 391 0117 488D3D00 		leaq	.LC0(%rip), %rdi
 391      000000
 392 011e B8000000 		movl	$0, %eax
 392      00
 393              	.LVL22:
  84:src/Memory.c  ****       return ~0ULL;
 394              		.loc 1 84 7 is_stmt 0 view .LVU64
 395 0123 E8000000 		call	Print@PLT
 395      00
 396              	.LVL23:
  85:src/Memory.c  ****     }
 397              		.loc 1 85 7 is_stmt 1 view .LVU65
  85:src/Memory.c  ****     }
 398              		.loc 1 85 14 is_stmt 0 view .LVU66
 399 0128 48C7C0FF 		movq	$-1, %rax
 399      FFFFFF
 400 012f EB58     		jmp	.L15
 401              	.LVL24:
 402              	.L28:
  91:src/Memory.c  ****     return ~0ULL;
 403              		.loc 1 91 5 is_stmt 1 view .LVU67
 404 0131 4889C6   		movq	%rax, %rsi
 405 0134 488D3D00 		leaq	.LC1(%rip), %rdi
 405      000000
 406 013b B8000000 		movl	$0, %eax
 406      00
 407              	.LVL25:
  91:src/Memory.c  ****     return ~0ULL;
 408              		.loc 1 91 5 is_stmt 0 view .LVU68
 409 0140 E8000000 		call	Print@PLT
 409      00
 410              	.LVL26:
  92:src/Memory.c  ****   }
 411              		.loc 1 92 5 is_stmt 1 view .LVU69
  92:src/Memory.c  ****   }
 412              		.loc 1 92 12 is_stmt 0 view .LVU70
 413 0145 48C7C0FF 		movq	$-1, %rax
 413      FFFFFF
 414 014c EB3B     		jmp	.L15
 415              	.LVL27:
 416              	.L21:
 417              		.loc 1 97 92 is_stmt 1 discriminator 2 view .LVU71
 418 014e 48035C24 		addq	72(%rsp), %rbx
 418      48
 419              	.LVL28:
 420              	.L20:
 421              		.loc 1 97 29 discriminator 1 view .LVU72
 422              		.loc 1 97 31 is_stmt 0 discriminator 1 view .LVU73
 423 0153 4889C8   		movq	%rcx, %rax
 424 0156 48034424 		addq	88(%rsp), %rax
 424      58
 425              		.loc 1 97 29 discriminator 1 view .LVU74
 426 015b 4839C3   		cmpq	%rax, %rbx
 427 015e 7311     		jnb	.L22
  98:src/Memory.c  ****   {
  99:src/Memory.c  ****     // Within each compatible EfiConventionalMemory, look for space
 100:src/Memory.c  ****     if((Piece->Type == EfiConventionalMemory) && (Piece->NumberOfPages >= pages) && (Piece->Physica
 428              		.loc 1 100 5 is_stmt 1 view .LVU75
 429              		.loc 1 100 7 is_stmt 0 view .LVU76
 430 0160 833B07   		cmpl	$7, (%rbx)
 431 0163 75E9     		jne	.L21
 432              		.loc 1 100 47 discriminator 1 view .LVU77
 433 0165 48396B18 		cmpq	%rbp, 24(%rbx)
 434 0169 72E3     		jb	.L21
 435              		.loc 1 100 82 discriminator 2 view .LVU78
 436 016b 4C3B6308 		cmpq	8(%rbx), %r12
 437 016f 73DD     		jnb	.L21
 438              	.L22:
 101:src/Memory.c  ****     {
 102:src/Memory.c  ****       break;
 103:src/Memory.c  ****     }
 104:src/Memory.c  ****   }
 105:src/Memory.c  **** 
 106:src/Memory.c  ****   // Loop ended without a DiscoveredAddress
 107:src/Memory.c  ****   if(Piece >= (EFI_MEMORY_DESCRIPTOR*)((UINT8*)MemMap + MemMapSize))
 439              		.loc 1 107 3 is_stmt 1 view .LVU79
 440              		.loc 1 107 5 is_stmt 0 view .LVU80
 441 0171 4839C3   		cmpq	%rax, %rbx
 442 0174 7332     		jnb	.L25
 108:src/Memory.c  ****   {
 109:src/Memory.c  ****     // Return address -1, which will cause AllocatePages to fail
 110:src/Memory.c  **** #ifdef MEMORY_CHECK_INFO
 111:src/Memory.c  ****     Print(L"No more free addresses...\r\n");
 112:src/Memory.c  **** #endif
 113:src/Memory.c  ****     return ~0ULL;
 114:src/Memory.c  ****   }
 115:src/Memory.c  **** 
 116:src/Memory.c  ****   memmap_status = BS->FreePool(MemMap);
 443              		.loc 1 116 3 is_stmt 1 view .LVU81
 444              		.loc 1 116 19 is_stmt 0 view .LVU82
 445 0176 488B0500 		movq	BS(%rip), %rax
 445      000000
 446 017d FF5048   		call	*72(%rax)
 447              	.LVL29:
 117:src/Memory.c  ****   if(EFI_ERROR(memmap_status))
 448              		.loc 1 117 3 is_stmt 1 view .LVU83
 449              		.loc 1 117 5 is_stmt 0 view .LVU84
 450 0180 4885C0   		testq	%rax, %rax
 451 0183 780D     		js	.L30
 452              	.LVL30:
 453              	.L24:
 118:src/Memory.c  ****   {
 119:src/Memory.c  ****     Print(L"Error freeing ActuallyFreeAddress memmap pool. 0x%llx\r\n", memmap_status);
 120:src/Memory.c  ****   }
 121:src/Memory.c  **** 
 122:src/Memory.c  ****   return Piece->PhysicalStart;
 454              		.loc 1 122 3 is_stmt 1 view .LVU85
 455              		.loc 1 122 15 is_stmt 0 view .LVU86
 456 0185 488B4308 		movq	8(%rbx), %rax
 457              	.LVL31:
 458              	.L15:
 123:src/Memory.c  **** }
 459              		.loc 1 123 1 view .LVU87
 460 0189 4883C460 		addq	$96, %rsp
 461              		.cfi_remember_state
 462              		.cfi_def_cfa_offset 32
 463 018d 5B       		popq	%rbx
 464              		.cfi_restore 3
 465              		.cfi_def_cfa_offset 24
 466 018e 5D       		popq	%rbp
 467              		.cfi_restore 6
 468              		.cfi_def_cfa_offset 16
 469              	.LVL32:
 470              		.loc 1 123 1 view .LVU88
 471 018f 415C     		popq	%r12
 472              		.cfi_restore 12
 473              		.cfi_def_cfa_offset 8
 474              	.LVL33:
 475              		.loc 1 123 1 view .LVU89
 476 0191 C3       		ret
 477              	.LVL34:
 478              	.L30:
 479              		.cfi_restore_state
 119:src/Memory.c  ****   }
 480              		.loc 1 119 5 is_stmt 1 view .LVU90
 481 0192 4889C6   		movq	%rax, %rsi
 482 0195 488D3D00 		leaq	.LC2(%rip), %rdi
 482      000000
 483 019c B8000000 		movl	$0, %eax
 483      00
 484              	.LVL35:
 119:src/Memory.c  ****   }
 485              		.loc 1 119 5 is_stmt 0 view .LVU91
 486 01a1 E8000000 		call	Print@PLT
 486      00
 487              	.LVL36:
 119:src/Memory.c  ****   }
 488              		.loc 1 119 5 view .LVU92
 489 01a6 EBDD     		jmp	.L24
 490              	.L25:
 113:src/Memory.c  ****   }
 491              		.loc 1 113 12 view .LVU93
 492 01a8 48C7C0FF 		movq	$-1, %rax
 492      FFFFFF
 493 01af EBD8     		jmp	.L15
 494              		.cfi_endproc
 495              	.LFE2:
 497              		.section	.rodata
 498              		.align 8
 499              	.LC3:
 500 0158 4100     		.string	"A"
 501 015a 6300     		.string	"c"
 502 015c 7400     		.string	"t"
 503 015e 7500     		.string	"u"
 504 0160 6100     		.string	"a"
 505 0162 6C00     		.string	"l"
 506 0164 6C00     		.string	"l"
 507 0166 7900     		.string	"y"
 508 0168 4600     		.string	"F"
 509 016a 7200     		.string	"r"
 510 016c 6500     		.string	"e"
 511 016e 6500     		.string	"e"
 512 0170 4100     		.string	"A"
 513 0172 6400     		.string	"d"
 514 0174 6400     		.string	"d"
 515 0176 7200     		.string	"r"
 516 0178 6500     		.string	"e"
 517 017a 7300     		.string	"s"
 518 017c 7300     		.string	"s"
 519 017e 4200     		.string	"B"
 520 0180 7900     		.string	"y"
 521 0182 5000     		.string	"P"
 522 0184 6100     		.string	"a"
 523 0186 6700     		.string	"g"
 524 0188 6500     		.string	"e"
 525 018a 2000     		.string	" "
 526 018c 4D00     		.string	"M"
 527 018e 6500     		.string	"e"
 528 0190 6D00     		.string	"m"
 529 0192 4D00     		.string	"M"
 530 0194 6100     		.string	"a"
 531 0196 7000     		.string	"p"
 532 0198 2000     		.string	" "
 533 019a 4100     		.string	"A"
 534 019c 6C00     		.string	"l"
 535 019e 6C00     		.string	"l"
 536 01a0 6F00     		.string	"o"
 537 01a2 6300     		.string	"c"
 538 01a4 6100     		.string	"a"
 539 01a6 7400     		.string	"t"
 540 01a8 6500     		.string	"e"
 541 01aa 5000     		.string	"P"
 542 01ac 6F00     		.string	"o"
 543 01ae 6F00     		.string	"o"
 544 01b0 6C00     		.string	"l"
 545 01b2 2000     		.string	" "
 546 01b4 6500     		.string	"e"
 547 01b6 7200     		.string	"r"
 548 01b8 7200     		.string	"r"
 549 01ba 6F00     		.string	"o"
 550 01bc 7200     		.string	"r"
 551 01be 2E00     		.string	"."
 552 01c0 2000     		.string	" "
 553 01c2 3000     		.string	"0"
 554 01c4 7800     		.string	"x"
 555 01c6 2500     		.string	"%"
 556 01c8 6C00     		.string	"l"
 557 01ca 6C00     		.string	"l"
 558 01cc 7800     		.string	"x"
 559 01ce 0D00     		.string	"\r"
 560 01d0 0A00     		.string	"\n"
 561 01d2 00       		.string	""
 562 01d3 00       		.string	""
 563 01d4 00000000 		.align 8
 564              	.LC4:
 565 01d8 4500     		.string	"E"
 566 01da 7200     		.string	"r"
 567 01dc 7200     		.string	"r"
 568 01de 6F00     		.string	"o"
 569 01e0 7200     		.string	"r"
 570 01e2 2000     		.string	" "
 571 01e4 6700     		.string	"g"
 572 01e6 6500     		.string	"e"
 573 01e8 7400     		.string	"t"
 574 01ea 7400     		.string	"t"
 575 01ec 6900     		.string	"i"
 576 01ee 6E00     		.string	"n"
 577 01f0 6700     		.string	"g"
 578 01f2 2000     		.string	" "
 579 01f4 6D00     		.string	"m"
 580 01f6 6500     		.string	"e"
 581 01f8 6D00     		.string	"m"
 582 01fa 6F00     		.string	"o"
 583 01fc 7200     		.string	"r"
 584 01fe 7900     		.string	"y"
 585 0200 2000     		.string	" "
 586 0202 6D00     		.string	"m"
 587 0204 6100     		.string	"a"
 588 0206 7000     		.string	"p"
 589 0208 2000     		.string	" "
 590 020a 6600     		.string	"f"
 591 020c 6F00     		.string	"o"
 592 020e 7200     		.string	"r"
 593 0210 2000     		.string	" "
 594 0212 4100     		.string	"A"
 595 0214 6300     		.string	"c"
 596 0216 7400     		.string	"t"
 597 0218 7500     		.string	"u"
 598 021a 6100     		.string	"a"
 599 021c 6C00     		.string	"l"
 600 021e 6C00     		.string	"l"
 601 0220 7900     		.string	"y"
 602 0222 4600     		.string	"F"
 603 0224 7200     		.string	"r"
 604 0226 6500     		.string	"e"
 605 0228 6500     		.string	"e"
 606 022a 4100     		.string	"A"
 607 022c 6400     		.string	"d"
 608 022e 6400     		.string	"d"
 609 0230 7200     		.string	"r"
 610 0232 6500     		.string	"e"
 611 0234 7300     		.string	"s"
 612 0236 7300     		.string	"s"
 613 0238 4200     		.string	"B"
 614 023a 7900     		.string	"y"
 615 023c 5000     		.string	"P"
 616 023e 6100     		.string	"a"
 617 0240 6700     		.string	"g"
 618 0242 6500     		.string	"e"
 619 0244 2E00     		.string	"."
 620 0246 2000     		.string	" "
 621 0248 3000     		.string	"0"
 622 024a 7800     		.string	"x"
 623 024c 2500     		.string	"%"
 624 024e 6C00     		.string	"l"
 625 0250 6C00     		.string	"l"
 626 0252 7800     		.string	"x"
 627 0254 0D00     		.string	"\r"
 628 0256 0A00     		.string	"\n"
 629 0258 00       		.string	""
 630 0259 00       		.string	""
 631 025a 00000000 		.align 8
 631      0000
 632              	.LC5:
 633 0260 4500     		.string	"E"
 634 0262 7200     		.string	"r"
 635 0264 7200     		.string	"r"
 636 0266 6F00     		.string	"o"
 637 0268 7200     		.string	"r"
 638 026a 2000     		.string	" "
 639 026c 6600     		.string	"f"
 640 026e 7200     		.string	"r"
 641 0270 6500     		.string	"e"
 642 0272 6500     		.string	"e"
 643 0274 6900     		.string	"i"
 644 0276 6E00     		.string	"n"
 645 0278 6700     		.string	"g"
 646 027a 2000     		.string	" "
 647 027c 4100     		.string	"A"
 648 027e 6300     		.string	"c"
 649 0280 7400     		.string	"t"
 650 0282 7500     		.string	"u"
 651 0284 6100     		.string	"a"
 652 0286 6C00     		.string	"l"
 653 0288 6C00     		.string	"l"
 654 028a 7900     		.string	"y"
 655 028c 4600     		.string	"F"
 656 028e 7200     		.string	"r"
 657 0290 6500     		.string	"e"
 658 0292 6500     		.string	"e"
 659 0294 4100     		.string	"A"
 660 0296 6400     		.string	"d"
 661 0298 6400     		.string	"d"
 662 029a 7200     		.string	"r"
 663 029c 6500     		.string	"e"
 664 029e 7300     		.string	"s"
 665 02a0 7300     		.string	"s"
 666 02a2 4200     		.string	"B"
 667 02a4 7900     		.string	"y"
 668 02a6 5000     		.string	"P"
 669 02a8 6100     		.string	"a"
 670 02aa 6700     		.string	"g"
 671 02ac 6500     		.string	"e"
 672 02ae 2000     		.string	" "
 673 02b0 6D00     		.string	"m"
 674 02b2 6500     		.string	"e"
 675 02b4 6D00     		.string	"m"
 676 02b6 6D00     		.string	"m"
 677 02b8 6100     		.string	"a"
 678 02ba 7000     		.string	"p"
 679 02bc 2000     		.string	" "
 680 02be 7000     		.string	"p"
 681 02c0 6F00     		.string	"o"
 682 02c2 6F00     		.string	"o"
 683 02c4 6C00     		.string	"l"
 684 02c6 2E00     		.string	"."
 685 02c8 2000     		.string	" "
 686 02ca 3000     		.string	"0"
 687 02cc 7800     		.string	"x"
 688 02ce 2500     		.string	"%"
 689 02d0 6C00     		.string	"l"
 690 02d2 6C00     		.string	"l"
 691 02d4 7800     		.string	"x"
 692 02d6 0D00     		.string	"\r"
 693 02d8 0A00     		.string	"\n"
 694 02da 00       		.string	""
 695 02db 00       		.string	""
 696              		.text
 697              		.globl	ActuallyFreeAddressByPage
 699              	ActuallyFreeAddressByPage:
 700              	.LVL37:
 701              	.LFB3:
 124:src/Memory.c  **** 
 125:src/Memory.c  **** //=================================================================================================
 126:src/Memory.c  **** //  ActuallyFreeAddressByPage: Find A Free Memory Address, Bottom-Up, The Hard Way
 127:src/Memory.c  **** //=================================================================================================
 128:src/Memory.c  **** //
 129:src/Memory.c  **** // This is meant to work in the event that AllocateAnyPages fails, but could have other uses. Retur
 130:src/Memory.c  **** // free (EfiConventionalMemory) that is > the supplied OldAddress.
 131:src/Memory.c  **** //
 132:src/Memory.c  **** 
 133:src/Memory.c  **** EFI_PHYSICAL_ADDRESS ActuallyFreeAddressByPage(UINT64 pages, EFI_PHYSICAL_ADDRESS OldAddress)
 134:src/Memory.c  **** {
 702              		.loc 1 134 1 is_stmt 1 view -0
 703              		.cfi_startproc
 704              		.loc 1 134 1 is_stmt 0 view .LVU95
 705 01b1 F30F1EFA 		endbr64
 706 01b5 4154     		pushq	%r12
 707              		.cfi_def_cfa_offset 16
 708              		.cfi_offset 12, -16
 709 01b7 55       		pushq	%rbp
 710              		.cfi_def_cfa_offset 24
 711              		.cfi_offset 6, -24
 712 01b8 53       		pushq	%rbx
 713              		.cfi_def_cfa_offset 32
 714              		.cfi_offset 3, -32
 715 01b9 4883EC60 		subq	$96, %rsp
 716              		.cfi_def_cfa_offset 128
 717 01bd 4889FD   		movq	%rdi, %rbp
 718 01c0 4989F4   		movq	%rsi, %r12
 135:src/Memory.c  ****   EFI_STATUS memmap_status;
 719              		.loc 1 135 3 is_stmt 1 view .LVU96
 136:src/Memory.c  ****   UINTN MemMapSize = 0, MemMapKey, MemMapDescriptorSize;
 720              		.loc 1 136 3 view .LVU97
 721              		.loc 1 136 9 is_stmt 0 view .LVU98
 722 01c3 48C74424 		movq	$0, 88(%rsp)
 722      58000000 
 722      00
 137:src/Memory.c  ****   UINT32 MemMapDescriptorVersion;
 723              		.loc 1 137 3 is_stmt 1 view .LVU99
 138:src/Memory.c  ****   EFI_MEMORY_DESCRIPTOR * MemMap = NULL;
 724              		.loc 1 138 3 view .LVU100
 725              		.loc 1 138 27 is_stmt 0 view .LVU101
 726 01cc 48C74424 		movq	$0, 56(%rsp)
 726      38000000 
 726      00
 139:src/Memory.c  ****   EFI_MEMORY_DESCRIPTOR * Piece;
 727              		.loc 1 139 3 is_stmt 1 view .LVU102
 140:src/Memory.c  ****   EFI_PHYSICAL_ADDRESS PhysicalEnd;
 728              		.loc 1 140 3 view .LVU103
 141:src/Memory.c  ****   EFI_PHYSICAL_ADDRESS DiscoveredAddress;
 729              		.loc 1 141 3 view .LVU104
 142:src/Memory.c  **** 
 143:src/Memory.c  ****   memmap_status = BS->GetMemoryMap(&MemMapSize, MemMap, &MemMapKey, &MemMapDescriptorSize, &MemMapD
 730              		.loc 1 143 3 view .LVU105
 731              		.loc 1 143 21 is_stmt 0 view .LVU106
 732 01d5 488B0500 		movq	BS(%rip), %rax
 732      000000
 733 01dc 488B4038 		movq	56(%rax), %rax
 734              		.loc 1 143 19 view .LVU107
 735 01e0 488D4C24 		leaq	88(%rsp), %rcx
 735      58
 736 01e5 488D5424 		leaq	68(%rsp), %rdx
 736      44
 737 01ea 48895424 		movq	%rdx, 32(%rsp)
 737      20
 738 01ef 4C8D4C24 		leaq	72(%rsp), %r9
 738      48
 739 01f4 4C8D4424 		leaq	80(%rsp), %r8
 739      50
 740 01f9 BA000000 		movl	$0, %edx
 740      00
 741 01fe FFD0     		call	*%rax
 742              	.LVL38:
 144:src/Memory.c  ****   if(memmap_status == EFI_BUFFER_TOO_SMALL)
 743              		.loc 1 144 3 is_stmt 1 view .LVU108
 744              		.loc 1 144 5 is_stmt 0 view .LVU109
 745 0200 48BA0500 		movabsq	$-9223372036854775803, %rdx
 745      00000000 
 745      0080
 746 020a 4839D0   		cmpq	%rdx, %rax
 747 020d 7416     		je	.L43
 748              	.L32:
 145:src/Memory.c  ****   {
 146:src/Memory.c  ****     MemMapSize += MemMapDescriptorSize;
 147:src/Memory.c  ****     memmap_status = BS->AllocatePool(EfiBootServicesData, MemMapSize, (void **)&MemMap); // Allocat
 148:src/Memory.c  ****     if(EFI_ERROR(memmap_status)) // Error! Wouldn't be safe to continue.
 149:src/Memory.c  ****     {
 150:src/Memory.c  ****       Print(L"ActuallyFreeAddressByPage MemMap AllocatePool error. 0x%llx\r\n", memmap_status);
 151:src/Memory.c  ****       return ~0ULL;
 152:src/Memory.c  ****     }
 153:src/Memory.c  ****     memmap_status = BS->GetMemoryMap(&MemMapSize, MemMap, &MemMapKey, &MemMapDescriptorSize, &MemMa
 154:src/Memory.c  ****   }
 155:src/Memory.c  ****   if(EFI_ERROR(memmap_status))
 749              		.loc 1 155 3 is_stmt 1 view .LVU110
 750              		.loc 1 155 5 is_stmt 0 view .LVU111
 751 020f 4885C0   		testq	%rax, %rax
 752 0212 0F888200 		js	.L44
 752      0000
 156:src/Memory.c  ****   {
 157:src/Memory.c  ****     Print(L"Error getting memory map for ActuallyFreeAddressByPage. 0x%llx\r\n", memmap_status);
 158:src/Memory.c  ****     return ~0ULL;
 159:src/Memory.c  ****   }
 160:src/Memory.c  **** 
 161:src/Memory.c  ****   // Multiply NumberOfPages by EFI_PAGE_SIZE to get the end address... which should just be the sta
 162:src/Memory.c  ****   // Check for EfiConventionalMemory in the map
 163:src/Memory.c  ****   for(Piece = MemMap; Piece < (EFI_MEMORY_DESCRIPTOR*)((UINT8*)MemMap + MemMapSize); Piece = (EFI_M
 753              		.loc 1 163 3 is_stmt 1 view .LVU112
 754              		.loc 1 163 13 is_stmt 0 view .LVU113
 755 0218 488B7424 		movq	56(%rsp), %rsi
 755      38
 756              	.LVL39:
 757              		.loc 1 163 13 view .LVU114
 758 021d 4889F0   		movq	%rsi, %rax
 759              	.LVL40:
 760              		.loc 1 163 3 view .LVU115
 761 0220 E99C0000 		jmp	.L36
 761      00
 762              	.LVL41:
 763              	.L43:
 146:src/Memory.c  ****     memmap_status = BS->AllocatePool(EfiBootServicesData, MemMapSize, (void **)&MemMap); // Allocat
 764              		.loc 1 146 5 is_stmt 1 view .LVU116
 146:src/Memory.c  ****     memmap_status = BS->AllocatePool(EfiBootServicesData, MemMapSize, (void **)&MemMap); // Allocat
 765              		.loc 1 146 16 is_stmt 0 view .LVU117
 766 0225 488B5424 		movq	72(%rsp), %rdx
 766      48
 767 022a 48035424 		addq	88(%rsp), %rdx
 767      58
 768 022f 48895424 		movq	%rdx, 88(%rsp)
 768      58
 147:src/Memory.c  ****     if(EFI_ERROR(memmap_status)) // Error! Wouldn't be safe to continue.
 769              		.loc 1 147 5 is_stmt 1 view .LVU118
 147:src/Memory.c  ****     if(EFI_ERROR(memmap_status)) // Error! Wouldn't be safe to continue.
 770              		.loc 1 147 21 is_stmt 0 view .LVU119
 771 0234 4C8D4424 		leaq	56(%rsp), %r8
 771      38
 772 0239 B9040000 		movl	$4, %ecx
 772      00
 773 023e 488B0500 		movq	BS(%rip), %rax
 773      000000
 774              	.LVL42:
 147:src/Memory.c  ****     if(EFI_ERROR(memmap_status)) // Error! Wouldn't be safe to continue.
 775              		.loc 1 147 21 view .LVU120
 776 0245 FF5040   		call	*64(%rax)
 777              	.LVL43:
 148:src/Memory.c  ****     {
 778              		.loc 1 148 5 is_stmt 1 view .LVU121
 148:src/Memory.c  ****     {
 779              		.loc 1 148 7 is_stmt 0 view .LVU122
 780 0248 4885C0   		testq	%rax, %rax
 781 024b 782D     		js	.L45
 153:src/Memory.c  ****   }
 782              		.loc 1 153 5 is_stmt 1 view .LVU123
 153:src/Memory.c  ****   }
 783              		.loc 1 153 23 is_stmt 0 view .LVU124
 784 024d 488B0500 		movq	BS(%rip), %rax
 784      000000
 785              	.LVL44:
 153:src/Memory.c  ****   }
 786              		.loc 1 153 23 view .LVU125
 787 0254 488B4038 		movq	56(%rax), %rax
 153:src/Memory.c  ****   }
 788              		.loc 1 153 21 view .LVU126
 789 0258 488D4C24 		leaq	88(%rsp), %rcx
 789      58
 790 025d 488D5424 		leaq	68(%rsp), %rdx
 790      44
 791 0262 48895424 		movq	%rdx, 32(%rsp)
 791      20
 792 0267 4C8D4C24 		leaq	72(%rsp), %r9
 792      48
 793 026c 4C8D4424 		leaq	80(%rsp), %r8
 793      50
 794 0271 488B5424 		movq	56(%rsp), %rdx
 794      38
 795 0276 FFD0     		call	*%rax
 796              	.LVL45:
 153:src/Memory.c  ****   }
 797              		.loc 1 153 21 view .LVU127
 798 0278 EB95     		jmp	.L32
 799              	.L45:
 150:src/Memory.c  ****       return ~0ULL;
 800              		.loc 1 150 7 is_stmt 1 view .LVU128
 801 027a 4889C6   		movq	%rax, %rsi
 802 027d 488D3D00 		leaq	.LC3(%rip), %rdi
 802      000000
 803 0284 B8000000 		movl	$0, %eax
 803      00
 804              	.LVL46:
 150:src/Memory.c  ****       return ~0ULL;
 805              		.loc 1 150 7 is_stmt 0 view .LVU129
 806 0289 E8000000 		call	Print@PLT
 806      00
 807              	.LVL47:
 151:src/Memory.c  ****     }
 808              		.loc 1 151 7 is_stmt 1 view .LVU130
 151:src/Memory.c  ****     }
 809              		.loc 1 151 14 is_stmt 0 view .LVU131
 810 028e 48C7C3FF 		movq	$-1, %rbx
 810      FFFFFF
 811 0295 E9850000 		jmp	.L31
 811      00
 812              	.LVL48:
 813              	.L44:
 157:src/Memory.c  ****     return ~0ULL;
 814              		.loc 1 157 5 is_stmt 1 view .LVU132
 815 029a 4889C6   		movq	%rax, %rsi
 816 029d 488D3D00 		leaq	.LC4(%rip), %rdi
 816      000000
 817 02a4 B8000000 		movl	$0, %eax
 817      00
 818              	.LVL49:
 157:src/Memory.c  ****     return ~0ULL;
 819              		.loc 1 157 5 is_stmt 0 view .LVU133
 820 02a9 E8000000 		call	Print@PLT
 820      00
 821              	.LVL50:
 158:src/Memory.c  ****   }
 822              		.loc 1 158 5 is_stmt 1 view .LVU134
 158:src/Memory.c  ****   }
 823              		.loc 1 158 12 is_stmt 0 view .LVU135
 824 02ae 48C7C3FF 		movq	$-1, %rbx
 824      FFFFFF
 825 02b5 EB68     		jmp	.L31
 826              	.LVL51:
 827              	.L38:
 164:src/Memory.c  ****   {
 165:src/Memory.c  ****     // Within each compatible EfiConventionalMemory, look for space
 166:src/Memory.c  ****     if((Piece->Type == EfiConventionalMemory) && (Piece->NumberOfPages >= pages))
 167:src/Memory.c  ****     {
 168:src/Memory.c  ****       PhysicalEnd = Piece->PhysicalStart + (Piece->NumberOfPages << EFI_PAGE_SHIFT) - EFI_PAGE_MASK
 169:src/Memory.c  ****       // (pages*EFI_PAGE_SIZE) or (pages << EFI_PAGE_SHIFT) gives the size the kernel would take up
 170:src/Memory.c  ****       if((OldAddress >= Piece->PhysicalStart) && ((OldAddress + (pages << EFI_PAGE_SHIFT)) < Physic
 171:src/Memory.c  ****       {
 172:src/Memory.c  ****         // Return the next available page's address in the range. We need to go page-by-page for th
 173:src/Memory.c  ****         DiscoveredAddress = OldAddress + EFI_PAGE_SIZE; // Left shift EFI_PAGE_SIZE by 1 or 2 to ch
 174:src/Memory.c  ****         break;
 175:src/Memory.c  ****         // If PhysicalEnd == OldAddress, we need to go to the next EfiConventionalMemory range
 176:src/Memory.c  ****       }
 177:src/Memory.c  ****       else if(Piece->PhysicalStart > OldAddress) // Try a new range
 828              		.loc 1 177 12 is_stmt 1 view .LVU136
 829              		.loc 1 177 14 is_stmt 0 view .LVU137
 830 02b7 4939DC   		cmpq	%rbx, %r12
 831 02ba 724C     		jb	.L39
 832              	.LVL52:
 833              	.L37:
 163:src/Memory.c  ****   {
 834              		.loc 1 163 92 is_stmt 1 discriminator 2 view .LVU138
 835 02bc 48034424 		addq	72(%rsp), %rax
 835      48
 836              	.LVL53:
 837              	.L36:
 163:src/Memory.c  ****   {
 838              		.loc 1 163 29 discriminator 1 view .LVU139
 163:src/Memory.c  ****   {
 839              		.loc 1 163 31 is_stmt 0 discriminator 1 view .LVU140
 840 02c1 4889F2   		movq	%rsi, %rdx
 841 02c4 48035424 		addq	88(%rsp), %rdx
 841      58
 163:src/Memory.c  ****   {
 842              		.loc 1 163 29 discriminator 1 view .LVU141
 843 02c9 4839D0   		cmpq	%rdx, %rax
 844 02cc 733A     		jnb	.L39
 166:src/Memory.c  ****     {
 845              		.loc 1 166 5 is_stmt 1 view .LVU142
 166:src/Memory.c  ****     {
 846              		.loc 1 166 7 is_stmt 0 view .LVU143
 847 02ce 833807   		cmpl	$7, (%rax)
 848 02d1 75E9     		jne	.L37
 166:src/Memory.c  ****     {
 849              		.loc 1 166 56 discriminator 1 view .LVU144
 850 02d3 488B4818 		movq	24(%rax), %rcx
 166:src/Memory.c  ****     {
 851              		.loc 1 166 47 discriminator 1 view .LVU145
 852 02d7 4839E9   		cmpq	%rbp, %rcx
 853 02da 72E0     		jb	.L37
 168:src/Memory.c  ****       // (pages*EFI_PAGE_SIZE) or (pages << EFI_PAGE_SHIFT) gives the size the kernel would take up
 854              		.loc 1 168 7 is_stmt 1 view .LVU146
 168:src/Memory.c  ****       // (pages*EFI_PAGE_SIZE) or (pages << EFI_PAGE_SHIFT) gives the size the kernel would take up
 855              		.loc 1 168 26 is_stmt 0 view .LVU147
 856 02dc 488B5808 		movq	8(%rax), %rbx
 168:src/Memory.c  ****       // (pages*EFI_PAGE_SIZE) or (pages << EFI_PAGE_SHIFT) gives the size the kernel would take up
 857              		.loc 1 168 66 view .LVU148
 858 02e0 48C1E10C 		salq	$12, %rcx
 168:src/Memory.c  ****       // (pages*EFI_PAGE_SIZE) or (pages << EFI_PAGE_SHIFT) gives the size the kernel would take up
 859              		.loc 1 168 19 view .LVU149
 860 02e4 488DBC19 		leaq	-4095(%rcx,%rbx), %rdi
 860      01F0FFFF 
 861              	.LVL54:
 170:src/Memory.c  ****       {
 862              		.loc 1 170 7 is_stmt 1 view .LVU150
 170:src/Memory.c  ****       {
 863              		.loc 1 170 9 is_stmt 0 view .LVU151
 864 02ec 4939DC   		cmpq	%rbx, %r12
 865 02ef 72C6     		jb	.L38
 170:src/Memory.c  ****       {
 866              		.loc 1 170 72 discriminator 1 view .LVU152
 867 02f1 4889E9   		movq	%rbp, %rcx
 868 02f4 48C1E10C 		salq	$12, %rcx
 170:src/Memory.c  ****       {
 869              		.loc 1 170 63 discriminator 1 view .LVU153
 870 02f8 4C01E1   		addq	%r12, %rcx
 170:src/Memory.c  ****       {
 871              		.loc 1 170 47 discriminator 1 view .LVU154
 872 02fb 4839F9   		cmpq	%rdi, %rcx
 873 02fe 73B7     		jnb	.L38
 173:src/Memory.c  ****         break;
 874              		.loc 1 173 9 is_stmt 1 view .LVU155
 173:src/Memory.c  ****         break;
 875              		.loc 1 173 27 is_stmt 0 view .LVU156
 876 0300 498D9C24 		leaq	4096(%r12), %rbx
 876      00100000 
 877              	.LVL55:
 174:src/Memory.c  ****         // If PhysicalEnd == OldAddress, we need to go to the next EfiConventionalMemory range
 878              		.loc 1 174 9 is_stmt 1 view .LVU157
 879              	.L39:
 178:src/Memory.c  ****       {
 179:src/Memory.c  ****         DiscoveredAddress = Piece->PhysicalStart;
 180:src/Memory.c  ****         break;
 181:src/Memory.c  ****       }
 182:src/Memory.c  ****     }
 183:src/Memory.c  ****   }
 184:src/Memory.c  **** 
 185:src/Memory.c  ****   // Loop ended without a DiscoveredAddress
 186:src/Memory.c  ****   if(Piece >= (EFI_MEMORY_DESCRIPTOR*)((UINT8*)MemMap + MemMapSize))
 880              		.loc 1 186 3 view .LVU158
 881              		.loc 1 186 5 is_stmt 0 view .LVU159
 882 0308 4839D0   		cmpq	%rdx, %rax
 883 030b 7334     		jnb	.L41
 187:src/Memory.c  ****   {
 188:src/Memory.c  ****     // Return address -1, which will cause AllocatePages to fail
 189:src/Memory.c  **** #ifdef MEMORY_CHECK_INFO
 190:src/Memory.c  ****     Print(L"No more free addresses by page...\r\n");
 191:src/Memory.c  **** #endif
 192:src/Memory.c  ****     return ~0ULL;
 193:src/Memory.c  ****   }
 194:src/Memory.c  **** 
 195:src/Memory.c  ****   memmap_status = BS->FreePool(MemMap);
 884              		.loc 1 195 3 is_stmt 1 view .LVU160
 885              		.loc 1 195 19 is_stmt 0 view .LVU161
 886 030d 4889F1   		movq	%rsi, %rcx
 887 0310 488B0500 		movq	BS(%rip), %rax
 887      000000
 888              	.LVL56:
 889              		.loc 1 195 19 view .LVU162
 890 0317 FF5048   		call	*72(%rax)
 891              	.LVL57:
 196:src/Memory.c  ****   if(EFI_ERROR(memmap_status))
 892              		.loc 1 196 3 is_stmt 1 view .LVU163
 893              		.loc 1 196 5 is_stmt 0 view .LVU164
 894 031a 4885C0   		testq	%rax, %rax
 895 031d 780C     		js	.L46
 896              	.LVL58:
 897              	.L31:
 197:src/Memory.c  ****   {
 198:src/Memory.c  ****     Print(L"Error freeing ActuallyFreeAddressByPage memmap pool. 0x%llx\r\n", memmap_status);
 199:src/Memory.c  ****   }
 200:src/Memory.c  **** 
 201:src/Memory.c  ****   return DiscoveredAddress;
 202:src/Memory.c  **** }
 898              		.loc 1 202 1 view .LVU165
 899 031f 4889D8   		movq	%rbx, %rax
 900 0322 4883C460 		addq	$96, %rsp
 901              		.cfi_remember_state
 902              		.cfi_def_cfa_offset 32
 903 0326 5B       		popq	%rbx
 904              		.cfi_restore 3
 905              		.cfi_def_cfa_offset 24
 906 0327 5D       		popq	%rbp
 907              		.cfi_restore 6
 908              		.cfi_def_cfa_offset 16
 909              	.LVL59:
 910              		.loc 1 202 1 view .LVU166
 911 0328 415C     		popq	%r12
 912              		.cfi_restore 12
 913              		.cfi_def_cfa_offset 8
 914              	.LVL60:
 915              		.loc 1 202 1 view .LVU167
 916 032a C3       		ret
 917              	.LVL61:
 918              	.L46:
 919              		.cfi_restore_state
 198:src/Memory.c  ****   }
 920              		.loc 1 198 5 is_stmt 1 view .LVU168
 921 032b 4889C6   		movq	%rax, %rsi
 922 032e 488D3D00 		leaq	.LC5(%rip), %rdi
 922      000000
 923 0335 B8000000 		movl	$0, %eax
 923      00
 924              	.LVL62:
 198:src/Memory.c  ****   }
 925              		.loc 1 198 5 is_stmt 0 view .LVU169
 926 033a E8000000 		call	Print@PLT
 926      00
 927              	.LVL63:
 198:src/Memory.c  ****   }
 928              		.loc 1 198 5 view .LVU170
 929 033f EBDE     		jmp	.L31
 930              	.LVL64:
 931              	.L41:
 192:src/Memory.c  ****   }
 932              		.loc 1 192 12 view .LVU171
 933 0341 48C7C3FF 		movq	$-1, %rbx
 933      FFFFFF
 934              	.LVL65:
 192:src/Memory.c  ****   }
 935              		.loc 1 192 12 view .LVU172
 936 0348 EBD5     		jmp	.L31
 937              		.cfi_endproc
 938              	.LFE3:
 940              		.section	.rodata
 941 02dc 00000000 		.align 8
 942              	.LC6:
 943 02e0 4D00     		.string	"M"
 944 02e2 6500     		.string	"e"
 945 02e4 6D00     		.string	"m"
 946 02e6 4D00     		.string	"M"
 947 02e8 6100     		.string	"a"
 948 02ea 7000     		.string	"p"
 949 02ec 2000     		.string	" "
 950 02ee 4100     		.string	"A"
 951 02f0 6C00     		.string	"l"
 952 02f2 6C00     		.string	"l"
 953 02f4 6F00     		.string	"o"
 954 02f6 6300     		.string	"c"
 955 02f8 6100     		.string	"a"
 956 02fa 7400     		.string	"t"
 957 02fc 6500     		.string	"e"
 958 02fe 5000     		.string	"P"
 959 0300 6F00     		.string	"o"
 960 0302 6F00     		.string	"o"
 961 0304 6C00     		.string	"l"
 962 0306 2000     		.string	" "
 963 0308 6500     		.string	"e"
 964 030a 7200     		.string	"r"
 965 030c 7200     		.string	"r"
 966 030e 6F00     		.string	"o"
 967 0310 7200     		.string	"r"
 968 0312 2E00     		.string	"."
 969 0314 2000     		.string	" "
 970 0316 3000     		.string	"0"
 971 0318 7800     		.string	"x"
 972 031a 2500     		.string	"%"
 973 031c 6C00     		.string	"l"
 974 031e 6C00     		.string	"l"
 975 0320 7800     		.string	"x"
 976 0322 0D00     		.string	"\r"
 977 0324 0A00     		.string	"\n"
 978 0326 00       		.string	""
 979 0327 00       		.string	""
 980              		.align 8
 981              	.LC7:
 982 0328 4500     		.string	"E"
 983 032a 7200     		.string	"r"
 984 032c 7200     		.string	"r"
 985 032e 6F00     		.string	"o"
 986 0330 7200     		.string	"r"
 987 0332 2000     		.string	" "
 988 0334 6700     		.string	"g"
 989 0336 6500     		.string	"e"
 990 0338 7400     		.string	"t"
 991 033a 7400     		.string	"t"
 992 033c 6900     		.string	"i"
 993 033e 6E00     		.string	"n"
 994 0340 6700     		.string	"g"
 995 0342 2000     		.string	" "
 996 0344 6D00     		.string	"m"
 997 0346 6500     		.string	"e"
 998 0348 6D00     		.string	"m"
 999 034a 6F00     		.string	"o"
 1000 034c 7200     		.string	"r"
 1001 034e 7900     		.string	"y"
 1002 0350 2000     		.string	" "
 1003 0352 6D00     		.string	"m"
 1004 0354 6100     		.string	"a"
 1005 0356 7000     		.string	"p"
 1006 0358 2000     		.string	" "
 1007 035a 6600     		.string	"f"
 1008 035c 6F00     		.string	"o"
 1009 035e 7200     		.string	"r"
 1010 0360 2000     		.string	" "
 1011 0362 7000     		.string	"p"
 1012 0364 7200     		.string	"r"
 1013 0366 6900     		.string	"i"
 1014 0368 6E00     		.string	"n"
 1015 036a 7400     		.string	"t"
 1016 036c 6900     		.string	"i"
 1017 036e 6E00     		.string	"n"
 1018 0370 6700     		.string	"g"
 1019 0372 2E00     		.string	"."
 1020 0374 2000     		.string	" "
 1021 0376 3000     		.string	"0"
 1022 0378 7800     		.string	"x"
 1023 037a 2500     		.string	"%"
 1024 037c 6C00     		.string	"l"
 1025 037e 6C00     		.string	"l"
 1026 0380 7800     		.string	"x"
 1027 0382 0D00     		.string	"\r"
 1028 0384 0A00     		.string	"\n"
 1029 0386 00       		.string	""
 1030 0387 00       		.string	""
 1031              		.align 8
 1032              	.LC8:
 1033 0388 4D00     		.string	"M"
 1034 038a 6500     		.string	"e"
 1035 038c 6D00     		.string	"m"
 1036 038e 4D00     		.string	"M"
 1037 0390 6100     		.string	"a"
 1038 0392 7000     		.string	"p"
 1039 0394 5300     		.string	"S"
 1040 0396 6900     		.string	"i"
 1041 0398 7A00     		.string	"z"
 1042 039a 6500     		.string	"e"
 1043 039c 3A00     		.string	":"
 1044 039e 2000     		.string	" "
 1045 03a0 2500     		.string	"%"
 1046 03a2 6C00     		.string	"l"
 1047 03a4 6C00     		.string	"l"
 1048 03a6 7500     		.string	"u"
 1049 03a8 2C00     		.string	","
 1050 03aa 2000     		.string	" "
 1051 03ac 4D00     		.string	"M"
 1052 03ae 6500     		.string	"e"
 1053 03b0 6D00     		.string	"m"
 1054 03b2 4D00     		.string	"M"
 1055 03b4 6100     		.string	"a"
 1056 03b6 7000     		.string	"p"
 1057 03b8 4400     		.string	"D"
 1058 03ba 6500     		.string	"e"
 1059 03bc 7300     		.string	"s"
 1060 03be 6300     		.string	"c"
 1061 03c0 7200     		.string	"r"
 1062 03c2 6900     		.string	"i"
 1063 03c4 7000     		.string	"p"
 1064 03c6 7400     		.string	"t"
 1065 03c8 6F00     		.string	"o"
 1066 03ca 7200     		.string	"r"
 1067 03cc 5300     		.string	"S"
 1068 03ce 6900     		.string	"i"
 1069 03d0 7A00     		.string	"z"
 1070 03d2 6500     		.string	"e"
 1071 03d4 3A00     		.string	":"
 1072 03d6 2000     		.string	" "
 1073 03d8 2500     		.string	"%"
 1074 03da 6C00     		.string	"l"
 1075 03dc 6C00     		.string	"l"
 1076 03de 7500     		.string	"u"
 1077 03e0 2C00     		.string	","
 1078 03e2 2000     		.string	" "
 1079 03e4 4D00     		.string	"M"
 1080 03e6 6500     		.string	"e"
 1081 03e8 6D00     		.string	"m"
 1082 03ea 4D00     		.string	"M"
 1083 03ec 6100     		.string	"a"
 1084 03ee 7000     		.string	"p"
 1085 03f0 4400     		.string	"D"
 1086 03f2 6500     		.string	"e"
 1087 03f4 7300     		.string	"s"
 1088 03f6 6300     		.string	"c"
 1089 03f8 7200     		.string	"r"
 1090 03fa 6900     		.string	"i"
 1091 03fc 7000     		.string	"p"
 1092 03fe 7400     		.string	"t"
 1093 0400 6F00     		.string	"o"
 1094 0402 7200     		.string	"r"
 1095 0404 5600     		.string	"V"
 1096 0406 6500     		.string	"e"
 1097 0408 7200     		.string	"r"
 1098 040a 7300     		.string	"s"
 1099 040c 6900     		.string	"i"
 1100 040e 6F00     		.string	"o"
 1101 0410 6E00     		.string	"n"
 1102 0412 3A00     		.string	":"
 1103 0414 2000     		.string	" "
 1104 0416 3000     		.string	"0"
 1105 0418 7800     		.string	"x"
 1106 041a 2500     		.string	"%"
 1107 041c 7800     		.string	"x"
 1108 041e 0D00     		.string	"\r"
 1109 0420 0A00     		.string	"\n"
 1110 0422 00       		.string	""
 1111 0423 00       		.string	""
 1112              		.align 2
 1113              	.LC9:
 1114 0424 00       		.string	""
 1115 0425 00       		.string	""
 1116 0426 00       		.string	""
 1117 0427 00       		.string	""
 1118              		.align 8
 1119              	.LC10:
 1120 0428 2300     		.string	"#"
 1121 042a 2000     		.string	" "
 1122 042c 2000     		.string	" "
 1123 042e 2000     		.string	" "
 1124 0430 4D00     		.string	"M"
 1125 0432 6500     		.string	"e"
 1126 0434 6D00     		.string	"m"
 1127 0436 6F00     		.string	"o"
 1128 0438 7200     		.string	"r"
 1129 043a 7900     		.string	"y"
 1130 043c 2000     		.string	" "
 1131 043e 5400     		.string	"T"
 1132 0440 7900     		.string	"y"
 1133 0442 7000     		.string	"p"
 1134 0444 6500     		.string	"e"
 1135 0446 2000     		.string	" "
 1136 0448 2000     		.string	" "
 1137 044a 2000     		.string	" "
 1138 044c 2000     		.string	" "
 1139 044e 2000     		.string	" "
 1140 0450 2000     		.string	" "
 1141 0452 2000     		.string	" "
 1142 0454 2000     		.string	" "
 1143 0456 2000     		.string	" "
 1144 0458 2000     		.string	" "
 1145 045a 2000     		.string	" "
 1146 045c 2000     		.string	" "
 1147 045e 2000     		.string	" "
 1148 0460 2000     		.string	" "
 1149 0462 2000     		.string	" "
 1150 0464 2000     		.string	" "
 1151 0466 5000     		.string	"P"
 1152 0468 6800     		.string	"h"
 1153 046a 7900     		.string	"y"
 1154 046c 7300     		.string	"s"
 1155 046e 2000     		.string	" "
 1156 0470 4100     		.string	"A"
 1157 0472 6400     		.string	"d"
 1158 0474 6400     		.string	"d"
 1159 0476 7200     		.string	"r"
 1160 0478 2000     		.string	" "
 1161 047a 5300     		.string	"S"
 1162 047c 7400     		.string	"t"
 1163 047e 6100     		.string	"a"
 1164 0480 7200     		.string	"r"
 1165 0482 7400     		.string	"t"
 1166 0484 2000     		.string	" "
 1167 0486 2000     		.string	" "
 1168 0488 2000     		.string	" "
 1169 048a 4E00     		.string	"N"
 1170 048c 7500     		.string	"u"
 1171 048e 6D00     		.string	"m"
 1172 0490 2000     		.string	" "
 1173 0492 4F00     		.string	"O"
 1174 0494 6600     		.string	"f"
 1175 0496 2000     		.string	" "
 1176 0498 5000     		.string	"P"
 1177 049a 6100     		.string	"a"
 1178 049c 6700     		.string	"g"
 1179 049e 6500     		.string	"e"
 1180 04a0 7300     		.string	"s"
 1181 04a2 2000     		.string	" "
 1182 04a4 2000     		.string	" "
 1183 04a6 2000     		.string	" "
 1184 04a8 4100     		.string	"A"
 1185 04aa 7400     		.string	"t"
 1186 04ac 7400     		.string	"t"
 1187 04ae 7200     		.string	"r"
 1188 04b0 0D00     		.string	"\r"
 1189 04b2 0A00     		.string	"\n"
 1190 04b4 00       		.string	""
 1191 04b5 00       		.string	""
 1192 04b6 0000     		.align 8
 1193              	.LC11:
 1194 04b8 2500     		.string	"%"
 1195 04ba 3200     		.string	"2"
 1196 04bc 6800     		.string	"h"
 1197 04be 7500     		.string	"u"
 1198 04c0 3A00     		.string	":"
 1199 04c2 2000     		.string	" "
 1200 04c4 2500     		.string	"%"
 1201 04c6 7300     		.string	"s"
 1202 04c8 2000     		.string	" "
 1203 04ca 3000     		.string	"0"
 1204 04cc 7800     		.string	"x"
 1205 04ce 2500     		.string	"%"
 1206 04d0 3000     		.string	"0"
 1207 04d2 3100     		.string	"1"
 1208 04d4 3600     		.string	"6"
 1209 04d6 6C00     		.string	"l"
 1210 04d8 6C00     		.string	"l"
 1211 04da 7800     		.string	"x"
 1212 04dc 2000     		.string	" "
 1213 04de 3000     		.string	"0"
 1214 04e0 7800     		.string	"x"
 1215 04e2 2500     		.string	"%"
 1216 04e4 6C00     		.string	"l"
 1217 04e6 6C00     		.string	"l"
 1218 04e8 7800     		.string	"x"
 1219 04ea 2000     		.string	" "
 1220 04ec 3000     		.string	"0"
 1221 04ee 7800     		.string	"x"
 1222 04f0 2500     		.string	"%"
 1223 04f2 6C00     		.string	"l"
 1224 04f4 6C00     		.string	"l"
 1225 04f6 7800     		.string	"x"
 1226 04f8 0D00     		.string	"\r"
 1227 04fa 0A00     		.string	"\n"
 1228 04fc 00       		.string	""
 1229 04fd 00       		.string	""
 1230 04fe 0000     		.align 8
 1231              	.LC12:
 1232 0500 4500     		.string	"E"
 1233 0502 7200     		.string	"r"
 1234 0504 7200     		.string	"r"
 1235 0506 6F00     		.string	"o"
 1236 0508 7200     		.string	"r"
 1237 050a 2000     		.string	" "
 1238 050c 6600     		.string	"f"
 1239 050e 7200     		.string	"r"
 1240 0510 6500     		.string	"e"
 1241 0512 6500     		.string	"e"
 1242 0514 6900     		.string	"i"
 1243 0516 6E00     		.string	"n"
 1244 0518 6700     		.string	"g"
 1245 051a 2000     		.string	" "
 1246 051c 7000     		.string	"p"
 1247 051e 7200     		.string	"r"
 1248 0520 6900     		.string	"i"
 1249 0522 6E00     		.string	"n"
 1250 0524 7400     		.string	"t"
 1251 0526 5F00     		.string	"_"
 1252 0528 6D00     		.string	"m"
 1253 052a 6500     		.string	"e"
 1254 052c 6D00     		.string	"m"
 1255 052e 6D00     		.string	"m"
 1256 0530 6100     		.string	"a"
 1257 0532 7000     		.string	"p"
 1258 0534 2000     		.string	" "
 1259 0536 7000     		.string	"p"
 1260 0538 6F00     		.string	"o"
 1261 053a 6F00     		.string	"o"
 1262 053c 6C00     		.string	"l"
 1263 053e 2E00     		.string	"."
 1264 0540 2000     		.string	" "
 1265 0542 3000     		.string	"0"
 1266 0544 7800     		.string	"x"
 1267 0546 2500     		.string	"%"
 1268 0548 6C00     		.string	"l"
 1269 054a 6C00     		.string	"l"
 1270 054c 7800     		.string	"x"
 1271 054e 0D00     		.string	"\r"
 1272 0550 0A00     		.string	"\n"
 1273 0552 00       		.string	""
 1274 0553 00       		.string	""
 1275              		.text
 1276              		.globl	print_memmap
 1278              	print_memmap:
 1279              	.LFB4:
 203:src/Memory.c  **** 
 204:src/Memory.c  **** //=================================================================================================
 205:src/Memory.c  **** //  print_memmap: The Ultimate Debugging Tool
 206:src/Memory.c  **** //=================================================================================================
 207:src/Memory.c  **** //
 208:src/Memory.c  **** // Get the system memory map, parse it, and print it. Print the whole thing.
 209:src/Memory.c  **** //
 210:src/Memory.c  **** 
 211:src/Memory.c  **** // This array is a global variable so that it can be made static, which helps prevent a stack overf
 212:src/Memory.c  **** STATIC CONST CHAR16 mem_types[16][27] = {
 213:src/Memory.c  ****       L"EfiReservedMemoryType     ",
 214:src/Memory.c  ****       L"EfiLoaderCode             ",
 215:src/Memory.c  ****       L"EfiLoaderData             ",
 216:src/Memory.c  ****       L"EfiBootServicesCode       ",
 217:src/Memory.c  ****       L"EfiBootServicesData       ",
 218:src/Memory.c  ****       L"EfiRuntimeServicesCode    ",
 219:src/Memory.c  ****       L"EfiRuntimeServicesData    ",
 220:src/Memory.c  ****       L"EfiConventionalMemory     ",
 221:src/Memory.c  ****       L"EfiUnusableMemory         ",
 222:src/Memory.c  ****       L"EfiACPIReclaimMemory      ",
 223:src/Memory.c  ****       L"EfiACPIMemoryNVS          ",
 224:src/Memory.c  ****       L"EfiMemoryMappedIO         ",
 225:src/Memory.c  ****       L"EfiMemoryMappedIOPortSpace",
 226:src/Memory.c  ****       L"EfiPalCode                ",
 227:src/Memory.c  ****       L"EfiPersistentMemory       ",
 228:src/Memory.c  ****       L"EfiMaxMemoryType          "
 229:src/Memory.c  **** };
 230:src/Memory.c  **** 
 231:src/Memory.c  **** VOID print_memmap()
 232:src/Memory.c  **** {
 1280              		.loc 1 232 1 is_stmt 1 view -0
 1281              		.cfi_startproc
 1282 034a F30F1EFA 		endbr64
 1283 034e 55       		pushq	%rbp
 1284              		.cfi_def_cfa_offset 16
 1285              		.cfi_offset 6, -16
 1286 034f 53       		pushq	%rbx
 1287              		.cfi_def_cfa_offset 24
 1288              		.cfi_offset 3, -24
 1289 0350 4883EC68 		subq	$104, %rsp
 1290              		.cfi_def_cfa_offset 128
 233:src/Memory.c  ****   EFI_STATUS memmap_status;
 1291              		.loc 1 233 3 view .LVU174
 234:src/Memory.c  ****   UINTN MemMapSize = 0, MemMapKey, MemMapDescriptorSize;
 1292              		.loc 1 234 3 view .LVU175
 1293              		.loc 1 234 9 is_stmt 0 view .LVU176
 1294 0354 48C74424 		movq	$0, 88(%rsp)
 1294      58000000 
 1294      00
 235:src/Memory.c  ****   UINT32 MemMapDescriptorVersion;
 1295              		.loc 1 235 3 is_stmt 1 view .LVU177
 236:src/Memory.c  ****   EFI_MEMORY_DESCRIPTOR * MemMap = NULL;
 1296              		.loc 1 236 3 view .LVU178
 1297              		.loc 1 236 27 is_stmt 0 view .LVU179
 1298 035d 48C74424 		movq	$0, 56(%rsp)
 1298      38000000 
 1298      00
 237:src/Memory.c  ****   EFI_MEMORY_DESCRIPTOR * Piece;
 1299              		.loc 1 237 3 is_stmt 1 view .LVU180
 238:src/Memory.c  ****   UINT16 line = 0;
 1300              		.loc 1 238 3 view .LVU181
 1301              	.LVL66:
 239:src/Memory.c  **** 
 240:src/Memory.c  ****   memmap_status = BS->GetMemoryMap(&MemMapSize, MemMap, &MemMapKey, &MemMapDescriptorSize, &MemMapD
 1302              		.loc 1 240 3 view .LVU182
 1303              		.loc 1 240 21 is_stmt 0 view .LVU183
 1304 0366 488B0500 		movq	BS(%rip), %rax
 1304      000000
 1305 036d 488B4038 		movq	56(%rax), %rax
 1306              		.loc 1 240 19 view .LVU184
 1307 0371 488D4C24 		leaq	88(%rsp), %rcx
 1307      58
 1308 0376 488D5424 		leaq	68(%rsp), %rdx
 1308      44
 1309 037b 48895424 		movq	%rdx, 32(%rsp)
 1309      20
 1310 0380 4C8D4C24 		leaq	72(%rsp), %r9
 1310      48
 1311 0385 4C8D4424 		leaq	80(%rsp), %r8
 1311      50
 1312 038a BA000000 		movl	$0, %edx
 1312      00
 1313 038f FFD0     		call	*%rax
 1314              	.LVL67:
 1315 0391 4889C6   		movq	%rax, %rsi
 1316              	.LVL68:
 241:src/Memory.c  ****   if(memmap_status == EFI_BUFFER_TOO_SMALL)
 1317              		.loc 1 241 3 is_stmt 1 view .LVU185
 1318              		.loc 1 241 5 is_stmt 0 view .LVU186
 1319 0394 48B80500 		movabsq	$-9223372036854775803, %rax
 1319      00000000 
 1319      0080
 1320              	.LVL69:
 1321              		.loc 1 241 5 view .LVU187
 1322 039e 4839C6   		cmpq	%rax, %rsi
 1323 03a1 7437     		je	.L57
 1324              	.L48:
 242:src/Memory.c  ****   {
 243:src/Memory.c  ****     MemMapSize += MemMapDescriptorSize;
 244:src/Memory.c  ****     memmap_status = BS->AllocatePool(EfiBootServicesData, MemMapSize, (void **)&MemMap); // Allocat
 245:src/Memory.c  ****     if(EFI_ERROR(memmap_status)) // Error! Wouldn't be safe to continue.
 246:src/Memory.c  ****     {
 247:src/Memory.c  ****       Print(L"MemMap AllocatePool error. 0x%llx\r\n", memmap_status);
 248:src/Memory.c  ****       return;
 249:src/Memory.c  ****     }
 250:src/Memory.c  ****     memmap_status = BS->GetMemoryMap(&MemMapSize, MemMap, &MemMapKey, &MemMapDescriptorSize, &MemMa
 251:src/Memory.c  ****   }
 252:src/Memory.c  ****   if(EFI_ERROR(memmap_status))
 1325              		.loc 1 252 3 is_stmt 1 view .LVU188
 1326              		.loc 1 252 5 is_stmt 0 view .LVU189
 1327 03a3 4885F6   		testq	%rsi, %rsi
 1328 03a6 0F88A200 		js	.L58
 1328      0000
 1329              	.LVL70:
 1330              	.L51:
 253:src/Memory.c  ****   {
 254:src/Memory.c  ****     Print(L"Error getting memory map for printing. 0x%llx\r\n", memmap_status);
 255:src/Memory.c  ****   }
 256:src/Memory.c  **** 
 257:src/Memory.c  ****   Print(L"MemMapSize: %llu, MemMapDescriptorSize: %llu, MemMapDescriptorVersion: 0x%x\r\n", MemMapS
 1331              		.loc 1 257 3 is_stmt 1 view .LVU190
 1332 03ac 8B4C2444 		movl	68(%rsp), %ecx
 1333 03b0 488B5424 		movq	72(%rsp), %rdx
 1333      48
 1334 03b5 488B7424 		movq	88(%rsp), %rsi
 1334      58
 1335 03ba 488D3D00 		leaq	.LC8(%rip), %rdi
 1335      000000
 1336 03c1 B8000000 		movl	$0, %eax
 1336      00
 1337 03c6 E8000000 		call	Print@PLT
 1337      00
 1338              	.LVL71:
 258:src/Memory.c  **** 
 259:src/Memory.c  ****   // There's no virtual addressing yet, so there's no need to see Piece->VirtualStart
 260:src/Memory.c  ****   // Multiply NumOfPages by EFI_PAGE_SIZE or do (NumOfPages << EFI_PAGE_SHIFT) to get the end addre
 261:src/Memory.c  ****   for(Piece = MemMap; Piece < (EFI_MEMORY_DESCRIPTOR*)((UINT8*)MemMap + MemMapSize); Piece = (EFI_M
 1339              		.loc 1 261 3 view .LVU191
 1340              		.loc 1 261 13 is_stmt 0 view .LVU192
 1341 03cb 488B5C24 		movq	56(%rsp), %rbx
 1341      38
 1342              	.LVL72:
 238:src/Memory.c  **** 
 1343              		.loc 1 238 10 view .LVU193
 1344 03d0 BD000000 		movl	$0, %ebp
 1344      00
 1345              		.loc 1 261 3 view .LVU194
 1346 03d5 E9C70000 		jmp	.L52
 1346      00
 1347              	.LVL73:
 1348              	.L57:
 243:src/Memory.c  ****     memmap_status = BS->AllocatePool(EfiBootServicesData, MemMapSize, (void **)&MemMap); // Allocat
 1349              		.loc 1 243 5 is_stmt 1 view .LVU195
 243:src/Memory.c  ****     memmap_status = BS->AllocatePool(EfiBootServicesData, MemMapSize, (void **)&MemMap); // Allocat
 1350              		.loc 1 243 16 is_stmt 0 view .LVU196
 1351 03da 488B5424 		movq	72(%rsp), %rdx
 1351      48
 1352 03df 48035424 		addq	88(%rsp), %rdx
 1352      58
 1353 03e4 48895424 		movq	%rdx, 88(%rsp)
 1353      58
 244:src/Memory.c  ****     if(EFI_ERROR(memmap_status)) // Error! Wouldn't be safe to continue.
 1354              		.loc 1 244 5 is_stmt 1 view .LVU197
 244:src/Memory.c  ****     if(EFI_ERROR(memmap_status)) // Error! Wouldn't be safe to continue.
 1355              		.loc 1 244 21 is_stmt 0 view .LVU198
 1356 03e9 4C8D4424 		leaq	56(%rsp), %r8
 1356      38
 1357 03ee B9040000 		movl	$4, %ecx
 1357      00
 1358 03f3 488B0500 		movq	BS(%rip), %rax
 1358      000000
 1359 03fa FF5040   		call	*64(%rax)
 1360              	.LVL74:
 245:src/Memory.c  ****     {
 1361              		.loc 1 245 5 is_stmt 1 view .LVU199
 245:src/Memory.c  ****     {
 1362              		.loc 1 245 7 is_stmt 0 view .LVU200
 1363 03fd 4885C0   		testq	%rax, %rax
 1364 0400 7833     		js	.L59
 250:src/Memory.c  ****   }
 1365              		.loc 1 250 5 is_stmt 1 view .LVU201
 250:src/Memory.c  ****   }
 1366              		.loc 1 250 23 is_stmt 0 view .LVU202
 1367 0402 488B0500 		movq	BS(%rip), %rax
 1367      000000
 1368              	.LVL75:
 250:src/Memory.c  ****   }
 1369              		.loc 1 250 23 view .LVU203
 1370 0409 488B4038 		movq	56(%rax), %rax
 250:src/Memory.c  ****   }
 1371              		.loc 1 250 21 view .LVU204
 1372 040d 488D4C24 		leaq	88(%rsp), %rcx
 1372      58
 1373 0412 488D5424 		leaq	68(%rsp), %rdx
 1373      44
 1374 0417 48895424 		movq	%rdx, 32(%rsp)
 1374      20
 1375 041c 4C8D4C24 		leaq	72(%rsp), %r9
 1375      48
 1376 0421 4C8D4424 		leaq	80(%rsp), %r8
 1376      50
 1377 0426 488B5424 		movq	56(%rsp), %rdx
 1377      38
 1378 042b FFD0     		call	*%rax
 1379              	.LVL76:
 1380 042d 4889C6   		movq	%rax, %rsi
 1381              	.LVL77:
 250:src/Memory.c  ****   }
 1382              		.loc 1 250 21 view .LVU205
 1383 0430 E96EFFFF 		jmp	.L48
 1383      FF
 1384              	.L59:
 247:src/Memory.c  ****       return;
 1385              		.loc 1 247 7 is_stmt 1 view .LVU206
 1386 0435 4889C6   		movq	%rax, %rsi
 1387 0438 488D3D00 		leaq	.LC6(%rip), %rdi
 1387      000000
 1388 043f B8000000 		movl	$0, %eax
 1388      00
 1389              	.LVL78:
 247:src/Memory.c  ****       return;
 1390              		.loc 1 247 7 is_stmt 0 view .LVU207
 1391 0444 E8000000 		call	Print@PLT
 1391      00
 1392              	.LVL79:
 248:src/Memory.c  ****     }
 1393              		.loc 1 248 7 is_stmt 1 view .LVU208
 1394 0449 E9AD0000 		jmp	.L47
 1394      00
 1395              	.LVL80:
 1396              	.L58:
 254:src/Memory.c  ****   }
 1397              		.loc 1 254 5 view .LVU209
 1398 044e 488D3D00 		leaq	.LC7(%rip), %rdi
 1398      000000
 1399 0455 B8000000 		movl	$0, %eax
 1399      00
 1400 045a E8000000 		call	Print@PLT
 1400      00
 1401              	.LVL81:
 254:src/Memory.c  ****   }
 1402              		.loc 1 254 5 is_stmt 0 view .LVU210
 1403 045f E948FFFF 		jmp	.L51
 1403      FF
 1404              	.LVL82:
 1405              	.L53:
 262:src/Memory.c  ****   {
 263:src/Memory.c  ****     if(line%20 == 0)
 264:src/Memory.c  ****     {
 265:src/Memory.c  ****       Keywait(L"\0");
 266:src/Memory.c  ****       Print(L"#   Memory Type                Phys Addr Start   Num Of Pages   Attr\r\n");
 267:src/Memory.c  ****     }
 268:src/Memory.c  **** 
 269:src/Memory.c  ****     Print(L"%2hu: %s 0x%016llx 0x%llx 0x%llx\r\n", line, mem_types[Piece->Type], Piece->PhysicalSta
 1406              		.loc 1 269 5 is_stmt 1 view .LVU211
 1407              		.loc 1 269 67 is_stmt 0 view .LVU212
 1408 0464 8B03     		movl	(%rbx), %eax
 1409 0466 488D0440 		leaq	(%rax,%rax,2), %rax
 1410 046a 488D14C0 		leaq	(%rax,%rax,8), %rdx
 1411 046e 488D0500 		leaq	mem_types(%rip), %rax
 1411      000000
 1412 0475 488D1450 		leaq	(%rax,%rdx,2), %rdx
 1413              		.loc 1 269 5 view .LVU213
 1414 0479 488B4B08 		movq	8(%rbx), %rcx
 1415 047d 0FB7F5   		movzwl	%bp, %esi
 1416 0480 4C8B4B20 		movq	32(%rbx), %r9
 1417 0484 4C8B4318 		movq	24(%rbx), %r8
 1418 0488 488D3D00 		leaq	.LC11(%rip), %rdi
 1418      000000
 1419 048f B8000000 		movl	$0, %eax
 1419      00
 1420 0494 E8000000 		call	Print@PLT
 1420      00
 1421              	.LVL83:
 270:src/Memory.c  ****     line++;
 1422              		.loc 1 270 5 is_stmt 1 view .LVU214
 1423              		.loc 1 270 9 is_stmt 0 view .LVU215
 1424 0499 83C501   		addl	$1, %ebp
 1425              	.LVL84:
 261:src/Memory.c  ****   {
 1426              		.loc 1 261 92 is_stmt 1 discriminator 2 view .LVU216
 1427 049c 48035C24 		addq	72(%rsp), %rbx
 1427      48
 1428              	.LVL85:
 1429              	.L52:
 261:src/Memory.c  ****   {
 1430              		.loc 1 261 29 discriminator 1 view .LVU217
 261:src/Memory.c  ****   {
 1431              		.loc 1 261 31 is_stmt 0 discriminator 1 view .LVU218
 1432 04a1 488B4C24 		movq	56(%rsp), %rcx
 1432      38
 1433 04a6 4889C8   		movq	%rcx, %rax
 1434 04a9 48034424 		addq	88(%rsp), %rax
 1434      58
 261:src/Memory.c  ****   {
 1435              		.loc 1 261 29 discriminator 1 view .LVU219
 1436 04ae 4839C3   		cmpq	%rax, %rbx
 1437 04b1 7339     		jnb	.L60
 263:src/Memory.c  ****     {
 1438              		.loc 1 263 5 is_stmt 1 view .LVU220
 263:src/Memory.c  ****     {
 1439              		.loc 1 263 16 is_stmt 0 view .LVU221
 1440 04b3 0FB7C5   		movzwl	%bp, %eax
 1441 04b6 69C0CDCC 		imull	$52429, %eax, %eax
 1441      0000
 1442 04bc C1E814   		shrl	$20, %eax
 1443 04bf 8D0480   		leal	(%rax,%rax,4), %eax
 1444 04c2 C1E002   		sall	$2, %eax
 263:src/Memory.c  ****     {
 1445              		.loc 1 263 7 view .LVU222
 1446 04c5 6639C5   		cmpw	%ax, %bp
 1447 04c8 759A     		jne	.L53
 265:src/Memory.c  ****       Print(L"#   Memory Type                Phys Addr Start   Num Of Pages   Attr\r\n");
 1448              		.loc 1 265 7 is_stmt 1 view .LVU223
 1449 04ca 488D3D00 		leaq	.LC9(%rip), %rdi
 1449      000000
 1450 04d1 E8000000 		call	Keywait@PLT
 1450      00
 1451              	.LVL86:
 266:src/Memory.c  ****     }
 1452              		.loc 1 266 7 view .LVU224
 1453 04d6 488D3D00 		leaq	.LC10(%rip), %rdi
 1453      000000
 1454 04dd B8000000 		movl	$0, %eax
 1454      00
 1455 04e2 E8000000 		call	Print@PLT
 1455      00
 1456              	.LVL87:
 1457 04e7 E978FFFF 		jmp	.L53
 1457      FF
 1458              	.L60:
 271:src/Memory.c  ****   }
 272:src/Memory.c  **** 
 273:src/Memory.c  ****   memmap_status = BS->FreePool(MemMap);
 1459              		.loc 1 273 3 view .LVU225
 1460              		.loc 1 273 19 is_stmt 0 view .LVU226
 1461 04ec 488B0500 		movq	BS(%rip), %rax
 1461      000000
 1462 04f3 FF5048   		call	*72(%rax)
 1463              	.LVL88:
 274:src/Memory.c  ****   if(EFI_ERROR(memmap_status))
 1464              		.loc 1 274 3 is_stmt 1 view .LVU227
 1465              		.loc 1 274 5 is_stmt 0 view .LVU228
 1466 04f6 4885C0   		testq	%rax, %rax
 1467 04f9 7807     		js	.L61
 1468              	.LVL89:
 1469              	.L47:
 275:src/Memory.c  ****   {
 276:src/Memory.c  ****     Print(L"Error freeing print_memmap pool. 0x%llx\r\n", memmap_status);
 277:src/Memory.c  ****   }
 278:src/Memory.c  **** }
 1470              		.loc 1 278 1 view .LVU229
 1471 04fb 4883C468 		addq	$104, %rsp
 1472              		.cfi_remember_state
 1473              		.cfi_def_cfa_offset 24
 1474 04ff 5B       		popq	%rbx
 1475              		.cfi_restore 3
 1476              		.cfi_def_cfa_offset 16
 1477 0500 5D       		popq	%rbp
 1478              		.cfi_restore 6
 1479              		.cfi_def_cfa_offset 8
 1480 0501 C3       		ret
 1481              	.LVL90:
 1482              	.L61:
 1483              		.cfi_restore_state
 276:src/Memory.c  ****   }
 1484              		.loc 1 276 5 is_stmt 1 view .LVU230
 1485 0502 4889C6   		movq	%rax, %rsi
 1486 0505 488D3D00 		leaq	.LC12(%rip), %rdi
 1486      000000
 1487 050c B8000000 		movl	$0, %eax
 1487      00
 1488              	.LVL91:
 276:src/Memory.c  ****   }
 1489              		.loc 1 276 5 is_stmt 0 view .LVU231
 1490 0511 E8000000 		call	Print@PLT
 1490      00
 1491              	.LVL92:
 276:src/Memory.c  ****   }
 1492              		.loc 1 276 5 view .LVU232
 1493 0516 EBE3     		jmp	.L47
 1494              		.cfi_endproc
 1495              	.LFE4:
 1497              		.globl	mem_types
 1498              		.section	.rodata
 1499 0554 00000000 		.align 32
 1499      00000000 
 1499      00000000 
 1502              	mem_types:
 1503 0560 4500     		.string	"E"
 1504 0562 6600     		.string	"f"
 1505 0564 6900     		.string	"i"
 1506 0566 5200     		.string	"R"
 1507 0568 6500     		.string	"e"
 1508 056a 7300     		.string	"s"
 1509 056c 6500     		.string	"e"
 1510 056e 7200     		.string	"r"
 1511 0570 7600     		.string	"v"
 1512 0572 6500     		.string	"e"
 1513 0574 6400     		.string	"d"
 1514 0576 4D00     		.string	"M"
 1515 0578 6500     		.string	"e"
 1516 057a 6D00     		.string	"m"
 1517 057c 6F00     		.string	"o"
 1518 057e 7200     		.string	"r"
 1519 0580 7900     		.string	"y"
 1520 0582 5400     		.string	"T"
 1521 0584 7900     		.string	"y"
 1522 0586 7000     		.string	"p"
 1523 0588 6500     		.string	"e"
 1524 058a 2000     		.string	" "
 1525 058c 2000     		.string	" "
 1526 058e 2000     		.string	" "
 1527 0590 2000     		.string	" "
 1528 0592 2000     		.string	" "
 1529 0594 00       		.string	""
 1530 0595 00       		.string	""
 1531 0596 4500     		.string	"E"
 1532 0598 6600     		.string	"f"
 1533 059a 6900     		.string	"i"
 1534 059c 4C00     		.string	"L"
 1535 059e 6F00     		.string	"o"
 1536 05a0 6100     		.string	"a"
 1537 05a2 6400     		.string	"d"
 1538 05a4 6500     		.string	"e"
 1539 05a6 7200     		.string	"r"
 1540 05a8 4300     		.string	"C"
 1541 05aa 6F00     		.string	"o"
 1542 05ac 6400     		.string	"d"
 1543 05ae 6500     		.string	"e"
 1544 05b0 2000     		.string	" "
 1545 05b2 2000     		.string	" "
 1546 05b4 2000     		.string	" "
 1547 05b6 2000     		.string	" "
 1548 05b8 2000     		.string	" "
 1549 05ba 2000     		.string	" "
 1550 05bc 2000     		.string	" "
 1551 05be 2000     		.string	" "
 1552 05c0 2000     		.string	" "
 1553 05c2 2000     		.string	" "
 1554 05c4 2000     		.string	" "
 1555 05c6 2000     		.string	" "
 1556 05c8 2000     		.string	" "
 1557 05ca 00       		.string	""
 1558 05cb 00       		.string	""
 1559 05cc 4500     		.string	"E"
 1560 05ce 6600     		.string	"f"
 1561 05d0 6900     		.string	"i"
 1562 05d2 4C00     		.string	"L"
 1563 05d4 6F00     		.string	"o"
 1564 05d6 6100     		.string	"a"
 1565 05d8 6400     		.string	"d"
 1566 05da 6500     		.string	"e"
 1567 05dc 7200     		.string	"r"
 1568 05de 4400     		.string	"D"
 1569 05e0 6100     		.string	"a"
 1570 05e2 7400     		.string	"t"
 1571 05e4 6100     		.string	"a"
 1572 05e6 2000     		.string	" "
 1573 05e8 2000     		.string	" "
 1574 05ea 2000     		.string	" "
 1575 05ec 2000     		.string	" "
 1576 05ee 2000     		.string	" "
 1577 05f0 2000     		.string	" "
 1578 05f2 2000     		.string	" "
 1579 05f4 2000     		.string	" "
 1580 05f6 2000     		.string	" "
 1581 05f8 2000     		.string	" "
 1582 05fa 2000     		.string	" "
 1583 05fc 2000     		.string	" "
 1584 05fe 2000     		.string	" "
 1585 0600 00       		.string	""
 1586 0601 00       		.string	""
 1587 0602 4500     		.string	"E"
 1588 0604 6600     		.string	"f"
 1589 0606 6900     		.string	"i"
 1590 0608 4200     		.string	"B"
 1591 060a 6F00     		.string	"o"
 1592 060c 6F00     		.string	"o"
 1593 060e 7400     		.string	"t"
 1594 0610 5300     		.string	"S"
 1595 0612 6500     		.string	"e"
 1596 0614 7200     		.string	"r"
 1597 0616 7600     		.string	"v"
 1598 0618 6900     		.string	"i"
 1599 061a 6300     		.string	"c"
 1600 061c 6500     		.string	"e"
 1601 061e 7300     		.string	"s"
 1602 0620 4300     		.string	"C"
 1603 0622 6F00     		.string	"o"
 1604 0624 6400     		.string	"d"
 1605 0626 6500     		.string	"e"
 1606 0628 2000     		.string	" "
 1607 062a 2000     		.string	" "
 1608 062c 2000     		.string	" "
 1609 062e 2000     		.string	" "
 1610 0630 2000     		.string	" "
 1611 0632 2000     		.string	" "
 1612 0634 2000     		.string	" "
 1613 0636 00       		.string	""
 1614 0637 00       		.string	""
 1615 0638 4500     		.string	"E"
 1616 063a 6600     		.string	"f"
 1617 063c 6900     		.string	"i"
 1618 063e 4200     		.string	"B"
 1619 0640 6F00     		.string	"o"
 1620 0642 6F00     		.string	"o"
 1621 0644 7400     		.string	"t"
 1622 0646 5300     		.string	"S"
 1623 0648 6500     		.string	"e"
 1624 064a 7200     		.string	"r"
 1625 064c 7600     		.string	"v"
 1626 064e 6900     		.string	"i"
 1627 0650 6300     		.string	"c"
 1628 0652 6500     		.string	"e"
 1629 0654 7300     		.string	"s"
 1630 0656 4400     		.string	"D"
 1631 0658 6100     		.string	"a"
 1632 065a 7400     		.string	"t"
 1633 065c 6100     		.string	"a"
 1634 065e 2000     		.string	" "
 1635 0660 2000     		.string	" "
 1636 0662 2000     		.string	" "
 1637 0664 2000     		.string	" "
 1638 0666 2000     		.string	" "
 1639 0668 2000     		.string	" "
 1640 066a 2000     		.string	" "
 1641 066c 00       		.string	""
 1642 066d 00       		.string	""
 1643 066e 4500     		.string	"E"
 1644 0670 6600     		.string	"f"
 1645 0672 6900     		.string	"i"
 1646 0674 5200     		.string	"R"
 1647 0676 7500     		.string	"u"
 1648 0678 6E00     		.string	"n"
 1649 067a 7400     		.string	"t"
 1650 067c 6900     		.string	"i"
 1651 067e 6D00     		.string	"m"
 1652 0680 6500     		.string	"e"
 1653 0682 5300     		.string	"S"
 1654 0684 6500     		.string	"e"
 1655 0686 7200     		.string	"r"
 1656 0688 7600     		.string	"v"
 1657 068a 6900     		.string	"i"
 1658 068c 6300     		.string	"c"
 1659 068e 6500     		.string	"e"
 1660 0690 7300     		.string	"s"
 1661 0692 4300     		.string	"C"
 1662 0694 6F00     		.string	"o"
 1663 0696 6400     		.string	"d"
 1664 0698 6500     		.string	"e"
 1665 069a 2000     		.string	" "
 1666 069c 2000     		.string	" "
 1667 069e 2000     		.string	" "
 1668 06a0 2000     		.string	" "
 1669 06a2 00       		.string	""
 1670 06a3 00       		.string	""
 1671 06a4 4500     		.string	"E"
 1672 06a6 6600     		.string	"f"
 1673 06a8 6900     		.string	"i"
 1674 06aa 5200     		.string	"R"
 1675 06ac 7500     		.string	"u"
 1676 06ae 6E00     		.string	"n"
 1677 06b0 7400     		.string	"t"
 1678 06b2 6900     		.string	"i"
 1679 06b4 6D00     		.string	"m"
 1680 06b6 6500     		.string	"e"
 1681 06b8 5300     		.string	"S"
 1682 06ba 6500     		.string	"e"
 1683 06bc 7200     		.string	"r"
 1684 06be 7600     		.string	"v"
 1685 06c0 6900     		.string	"i"
 1686 06c2 6300     		.string	"c"
 1687 06c4 6500     		.string	"e"
 1688 06c6 7300     		.string	"s"
 1689 06c8 4400     		.string	"D"
 1690 06ca 6100     		.string	"a"
 1691 06cc 7400     		.string	"t"
 1692 06ce 6100     		.string	"a"
 1693 06d0 2000     		.string	" "
 1694 06d2 2000     		.string	" "
 1695 06d4 2000     		.string	" "
 1696 06d6 2000     		.string	" "
 1697 06d8 00       		.string	""
 1698 06d9 00       		.string	""
 1699 06da 4500     		.string	"E"
 1700 06dc 6600     		.string	"f"
 1701 06de 6900     		.string	"i"
 1702 06e0 4300     		.string	"C"
 1703 06e2 6F00     		.string	"o"
 1704 06e4 6E00     		.string	"n"
 1705 06e6 7600     		.string	"v"
 1706 06e8 6500     		.string	"e"
 1707 06ea 6E00     		.string	"n"
 1708 06ec 7400     		.string	"t"
 1709 06ee 6900     		.string	"i"
 1710 06f0 6F00     		.string	"o"
 1711 06f2 6E00     		.string	"n"
 1712 06f4 6100     		.string	"a"
 1713 06f6 6C00     		.string	"l"
 1714 06f8 4D00     		.string	"M"
 1715 06fa 6500     		.string	"e"
 1716 06fc 6D00     		.string	"m"
 1717 06fe 6F00     		.string	"o"
 1718 0700 7200     		.string	"r"
 1719 0702 7900     		.string	"y"
 1720 0704 2000     		.string	" "
 1721 0706 2000     		.string	" "
 1722 0708 2000     		.string	" "
 1723 070a 2000     		.string	" "
 1724 070c 2000     		.string	" "
 1725 070e 00       		.string	""
 1726 070f 00       		.string	""
 1727 0710 4500     		.string	"E"
 1728 0712 6600     		.string	"f"
 1729 0714 6900     		.string	"i"
 1730 0716 5500     		.string	"U"
 1731 0718 6E00     		.string	"n"
 1732 071a 7500     		.string	"u"
 1733 071c 7300     		.string	"s"
 1734 071e 6100     		.string	"a"
 1735 0720 6200     		.string	"b"
 1736 0722 6C00     		.string	"l"
 1737 0724 6500     		.string	"e"
 1738 0726 4D00     		.string	"M"
 1739 0728 6500     		.string	"e"
 1740 072a 6D00     		.string	"m"
 1741 072c 6F00     		.string	"o"
 1742 072e 7200     		.string	"r"
 1743 0730 7900     		.string	"y"
 1744 0732 2000     		.string	" "
 1745 0734 2000     		.string	" "
 1746 0736 2000     		.string	" "
 1747 0738 2000     		.string	" "
 1748 073a 2000     		.string	" "
 1749 073c 2000     		.string	" "
 1750 073e 2000     		.string	" "
 1751 0740 2000     		.string	" "
 1752 0742 2000     		.string	" "
 1753 0744 00       		.string	""
 1754 0745 00       		.string	""
 1755 0746 4500     		.string	"E"
 1756 0748 6600     		.string	"f"
 1757 074a 6900     		.string	"i"
 1758 074c 4100     		.string	"A"
 1759 074e 4300     		.string	"C"
 1760 0750 5000     		.string	"P"
 1761 0752 4900     		.string	"I"
 1762 0754 5200     		.string	"R"
 1763 0756 6500     		.string	"e"
 1764 0758 6300     		.string	"c"
 1765 075a 6C00     		.string	"l"
 1766 075c 6100     		.string	"a"
 1767 075e 6900     		.string	"i"
 1768 0760 6D00     		.string	"m"
 1769 0762 4D00     		.string	"M"
 1770 0764 6500     		.string	"e"
 1771 0766 6D00     		.string	"m"
 1772 0768 6F00     		.string	"o"
 1773 076a 7200     		.string	"r"
 1774 076c 7900     		.string	"y"
 1775 076e 2000     		.string	" "
 1776 0770 2000     		.string	" "
 1777 0772 2000     		.string	" "
 1778 0774 2000     		.string	" "
 1779 0776 2000     		.string	" "
 1780 0778 2000     		.string	" "
 1781 077a 00       		.string	""
 1782 077b 00       		.string	""
 1783 077c 4500     		.string	"E"
 1784 077e 6600     		.string	"f"
 1785 0780 6900     		.string	"i"
 1786 0782 4100     		.string	"A"
 1787 0784 4300     		.string	"C"
 1788 0786 5000     		.string	"P"
 1789 0788 4900     		.string	"I"
 1790 078a 4D00     		.string	"M"
 1791 078c 6500     		.string	"e"
 1792 078e 6D00     		.string	"m"
 1793 0790 6F00     		.string	"o"
 1794 0792 7200     		.string	"r"
 1795 0794 7900     		.string	"y"
 1796 0796 4E00     		.string	"N"
 1797 0798 5600     		.string	"V"
 1798 079a 5300     		.string	"S"
 1799 079c 2000     		.string	" "
 1800 079e 2000     		.string	" "
 1801 07a0 2000     		.string	" "
 1802 07a2 2000     		.string	" "
 1803 07a4 2000     		.string	" "
 1804 07a6 2000     		.string	" "
 1805 07a8 2000     		.string	" "
 1806 07aa 2000     		.string	" "
 1807 07ac 2000     		.string	" "
 1808 07ae 2000     		.string	" "
 1809 07b0 00       		.string	""
 1810 07b1 00       		.string	""
 1811 07b2 4500     		.string	"E"
 1812 07b4 6600     		.string	"f"
 1813 07b6 6900     		.string	"i"
 1814 07b8 4D00     		.string	"M"
 1815 07ba 6500     		.string	"e"
 1816 07bc 6D00     		.string	"m"
 1817 07be 6F00     		.string	"o"
 1818 07c0 7200     		.string	"r"
 1819 07c2 7900     		.string	"y"
 1820 07c4 4D00     		.string	"M"
 1821 07c6 6100     		.string	"a"
 1822 07c8 7000     		.string	"p"
 1823 07ca 7000     		.string	"p"
 1824 07cc 6500     		.string	"e"
 1825 07ce 6400     		.string	"d"
 1826 07d0 4900     		.string	"I"
 1827 07d2 4F00     		.string	"O"
 1828 07d4 2000     		.string	" "
 1829 07d6 2000     		.string	" "
 1830 07d8 2000     		.string	" "
 1831 07da 2000     		.string	" "
 1832 07dc 2000     		.string	" "
 1833 07de 2000     		.string	" "
 1834 07e0 2000     		.string	" "
 1835 07e2 2000     		.string	" "
 1836 07e4 2000     		.string	" "
 1837 07e6 00       		.string	""
 1838 07e7 00       		.string	""
 1839 07e8 4500     		.string	"E"
 1840 07ea 6600     		.string	"f"
 1841 07ec 6900     		.string	"i"
 1842 07ee 4D00     		.string	"M"
 1843 07f0 6500     		.string	"e"
 1844 07f2 6D00     		.string	"m"
 1845 07f4 6F00     		.string	"o"
 1846 07f6 7200     		.string	"r"
 1847 07f8 7900     		.string	"y"
 1848 07fa 4D00     		.string	"M"
 1849 07fc 6100     		.string	"a"
 1850 07fe 7000     		.string	"p"
 1851 0800 7000     		.string	"p"
 1852 0802 6500     		.string	"e"
 1853 0804 6400     		.string	"d"
 1854 0806 4900     		.string	"I"
 1855 0808 4F00     		.string	"O"
 1856 080a 5000     		.string	"P"
 1857 080c 6F00     		.string	"o"
 1858 080e 7200     		.string	"r"
 1859 0810 7400     		.string	"t"
 1860 0812 5300     		.string	"S"
 1861 0814 7000     		.string	"p"
 1862 0816 6100     		.string	"a"
 1863 0818 6300     		.string	"c"
 1864 081a 6500     		.string	"e"
 1865 081c 00       		.string	""
 1866 081d 00       		.string	""
 1867 081e 4500     		.string	"E"
 1868 0820 6600     		.string	"f"
 1869 0822 6900     		.string	"i"
 1870 0824 5000     		.string	"P"
 1871 0826 6100     		.string	"a"
 1872 0828 6C00     		.string	"l"
 1873 082a 4300     		.string	"C"
 1874 082c 6F00     		.string	"o"
 1875 082e 6400     		.string	"d"
 1876 0830 6500     		.string	"e"
 1877 0832 2000     		.string	" "
 1878 0834 2000     		.string	" "
 1879 0836 2000     		.string	" "
 1880 0838 2000     		.string	" "
 1881 083a 2000     		.string	" "
 1882 083c 2000     		.string	" "
 1883 083e 2000     		.string	" "
 1884 0840 2000     		.string	" "
 1885 0842 2000     		.string	" "
 1886 0844 2000     		.string	" "
 1887 0846 2000     		.string	" "
 1888 0848 2000     		.string	" "
 1889 084a 2000     		.string	" "
 1890 084c 2000     		.string	" "
 1891 084e 2000     		.string	" "
 1892 0850 2000     		.string	" "
 1893 0852 00       		.string	""
 1894 0853 00       		.string	""
 1895 0854 4500     		.string	"E"
 1896 0856 6600     		.string	"f"
 1897 0858 6900     		.string	"i"
 1898 085a 5000     		.string	"P"
 1899 085c 6500     		.string	"e"
 1900 085e 7200     		.string	"r"
 1901 0860 7300     		.string	"s"
 1902 0862 6900     		.string	"i"
 1903 0864 7300     		.string	"s"
 1904 0866 7400     		.string	"t"
 1905 0868 6500     		.string	"e"
 1906 086a 6E00     		.string	"n"
 1907 086c 7400     		.string	"t"
 1908 086e 4D00     		.string	"M"
 1909 0870 6500     		.string	"e"
 1910 0872 6D00     		.string	"m"
 1911 0874 6F00     		.string	"o"
 1912 0876 7200     		.string	"r"
 1913 0878 7900     		.string	"y"
 1914 087a 2000     		.string	" "
 1915 087c 2000     		.string	" "
 1916 087e 2000     		.string	" "
 1917 0880 2000     		.string	" "
 1918 0882 2000     		.string	" "
 1919 0884 2000     		.string	" "
 1920 0886 2000     		.string	" "
 1921 0888 00       		.string	""
 1922 0889 00       		.string	""
 1923 088a 4500     		.string	"E"
 1924 088c 6600     		.string	"f"
 1925 088e 6900     		.string	"i"
 1926 0890 4D00     		.string	"M"
 1927 0892 6100     		.string	"a"
 1928 0894 7800     		.string	"x"
 1929 0896 4D00     		.string	"M"
 1930 0898 6500     		.string	"e"
 1931 089a 6D00     		.string	"m"
 1932 089c 6F00     		.string	"o"
 1933 089e 7200     		.string	"r"
 1934 08a0 7900     		.string	"y"
 1935 08a2 5400     		.string	"T"
 1936 08a4 7900     		.string	"y"
 1937 08a6 7000     		.string	"p"
 1938 08a8 6500     		.string	"e"
 1939 08aa 2000     		.string	" "
 1940 08ac 2000     		.string	" "
 1941 08ae 2000     		.string	" "
 1942 08b0 2000     		.string	" "
 1943 08b2 2000     		.string	" "
 1944 08b4 2000     		.string	" "
 1945 08b6 2000     		.string	" "
 1946 08b8 2000     		.string	" "
 1947 08ba 2000     		.string	" "
 1948 08bc 2000     		.string	" "
 1949 08be 00       		.string	""
 1950 08bf 00       		.string	""
 1951              		.text
 1952              	.Letext0:
 1953              		.file 2 "/usr/lib/gcc/x86_64-linux-gnu/13/include/stdint-gcc.h"
 1954              		.file 3 "../Backend/gnu-efi-3.0.9/inc/x86_64/efibind.h"
 1955              		.file 4 "../Backend/gnu-efi-3.0.9/inc/efidef.h"
 1956              		.file 5 "../Backend/gnu-efi-3.0.9/inc/efidevp.h"
 1957              		.file 6 "../Backend/gnu-efi-3.0.9/inc/efiprot.h"
 1958              		.file 7 "../Backend/gnu-efi-3.0.9/inc/efiapi.h"
 1959              		.file 8 "/home/kokipc/Bootloader-Operativos/Simple_UEFI_Bootloader/inc/Bootloader.h"
 1960              		.file 9 "../Backend/gnu-efi-3.0.9/inc/efilib.h"
 29929              		.section	.note.gnu.property,"a"
 29930              		.align 8
 29931 0000 04000000 		.long	1f - 0f
 29932 0004 10000000 		.long	4f - 1f
 29933 0008 05000000 		.long	5
 29934              	0:
 29935 000c 474E5500 		.string	"GNU"
 29936              	1:
 29937              		.align 8
 29938 0010 020000C0 		.long	0xc0000002
 29939 0014 04000000 		.long	3f - 2f
 29940              	2:
 29941 0018 03000000 		.long	0x3
 29942              	3:
 29943 001c 00000000 		.align 8
 29944              	4:
